CRITICAL - 2024-08-01 07:07:11 --> Undefined array key "cmc_document_date"
in APPPATH\Controllers\Record.php on line 389.
 1 APPPATH\Controllers\Record.php(389): CodeIgniter\Debug\Exceptions->errorHandler(2, 'Undefined array key "cmc_document_date"', 'C:\\xampp\\htdocs\\2024\\cmc\\app\\Controllers\\Record.php', 389)
 2 SYSTEMPATH\CodeIgniter.php(942): App\Controllers\Record->recordSave()
 3 SYSTEMPATH\CodeIgniter.php(502): CodeIgniter\CodeIgniter->runController(Object(App\Controllers\Record))
 4 SYSTEMPATH\CodeIgniter.php(361): CodeIgniter\CodeIgniter->handleRequest(null, Object(Config\Cache), false)
 5 FCPATH\index.php(79): CodeIgniter\CodeIgniter->run()
CRITICAL - 2024-08-01 09:22:13 --> Undefined array key "cmc_document_date"
in APPPATH\Controllers\Record.php on line 389.
 1 APPPATH\Controllers\Record.php(389): CodeIgniter\Debug\Exceptions->errorHandler(2, 'Undefined array key "cmc_document_date"', 'C:\\xampp\\htdocs\\2024\\cmc\\app\\Controllers\\Record.php', 389)
 2 SYSTEMPATH\CodeIgniter.php(942): App\Controllers\Record->recordSave()
 3 SYSTEMPATH\CodeIgniter.php(502): CodeIgniter\CodeIgniter->runController(Object(App\Controllers\Record))
 4 SYSTEMPATH\CodeIgniter.php(361): CodeIgniter\CodeIgniter->handleRequest(null, Object(Config\Cache), false)
 5 FCPATH\index.php(79): CodeIgniter\CodeIgniter->run()
CRITICAL - 2024-08-01 09:24:57 --> Undefined array key "cmc_document_date"
in APPPATH\Controllers\Record.php on line 389.
 1 APPPATH\Controllers\Record.php(389): CodeIgniter\Debug\Exceptions->errorHandler(2, 'Undefined array key "cmc_document_date"', 'C:\\xampp\\htdocs\\2024\\cmc\\app\\Controllers\\Record.php', 389)
 2 SYSTEMPATH\CodeIgniter.php(942): App\Controllers\Record->recordSave()
 3 SYSTEMPATH\CodeIgniter.php(502): CodeIgniter\CodeIgniter->runController(Object(App\Controllers\Record))
 4 SYSTEMPATH\CodeIgniter.php(361): CodeIgniter\CodeIgniter->handleRequest(null, Object(Config\Cache), false)
 5 FCPATH\index.php(79): CodeIgniter\CodeIgniter->run()
CRITICAL - 2024-08-01 09:32:11 --> Undefined array key "cmc_document_date"
in APPPATH\Controllers\Record.php on line 389.
 1 APPPATH\Controllers\Record.php(389): CodeIgniter\Debug\Exceptions->errorHandler(2, 'Undefined array key "cmc_document_date"', 'C:\\xampp\\htdocs\\2024\\cmc\\app\\Controllers\\Record.php', 389)
 2 SYSTEMPATH\CodeIgniter.php(942): App\Controllers\Record->recordSave()
 3 SYSTEMPATH\CodeIgniter.php(502): CodeIgniter\CodeIgniter->runController(Object(App\Controllers\Record))
 4 SYSTEMPATH\CodeIgniter.php(361): CodeIgniter\CodeIgniter->handleRequest(null, Object(Config\Cache), false)
 5 FCPATH\index.php(79): CodeIgniter\CodeIgniter->run()
CRITICAL - 2024-08-01 10:13:29 --> Undefined array key "cmc_document_date"
in APPPATH\Controllers\Record.php on line 389.
 1 APPPATH\Controllers\Record.php(389): CodeIgniter\Debug\Exceptions->errorHandler(2, 'Undefined array key "cmc_document_date"', 'C:\\xampp\\htdocs\\2024\\cmc\\app\\Controllers\\Record.php', 389)
 2 SYSTEMPATH\CodeIgniter.php(942): App\Controllers\Record->recordSave()
 3 SYSTEMPATH\CodeIgniter.php(502): CodeIgniter\CodeIgniter->runController(Object(App\Controllers\Record))
 4 SYSTEMPATH\CodeIgniter.php(361): CodeIgniter\CodeIgniter->handleRequest(null, Object(Config\Cache), false)
 5 FCPATH\index.php(79): CodeIgniter\CodeIgniter->run()
CRITICAL - 2024-08-01 13:35:09 --> Undefined array key "cmc_document_date"
in APPPATH\Controllers\Record.php on line 389.
 1 APPPATH\Controllers\Record.php(389): CodeIgniter\Debug\Exceptions->errorHandler(2, 'Undefined array key "cmc_document_date"', 'C:\\xampp\\htdocs\\2024\\cmc\\app\\Controllers\\Record.php', 389)
 2 SYSTEMPATH\CodeIgniter.php(942): App\Controllers\Record->recordSave()
 3 SYSTEMPATH\CodeIgniter.php(502): CodeIgniter\CodeIgniter->runController(Object(App\Controllers\Record))
 4 SYSTEMPATH\CodeIgniter.php(361): CodeIgniter\CodeIgniter->handleRequest(null, Object(Config\Cache), false)
 5 FCPATH\index.php(79): CodeIgniter\CodeIgniter->run()
CRITICAL - 2024-08-01 13:56:10 --> Undefined array key "cmc_document_date"
in APPPATH\Controllers\Record.php on line 389.
 1 APPPATH\Controllers\Record.php(389): CodeIgniter\Debug\Exceptions->errorHandler(2, 'Undefined array key "cmc_document_date"', 'C:\\xampp\\htdocs\\2024\\cmc\\app\\Controllers\\Record.php', 389)
 2 SYSTEMPATH\CodeIgniter.php(942): App\Controllers\Record->recordSave()
 3 SYSTEMPATH\CodeIgniter.php(502): CodeIgniter\CodeIgniter->runController(Object(App\Controllers\Record))
 4 SYSTEMPATH\CodeIgniter.php(361): CodeIgniter\CodeIgniter->handleRequest(null, Object(Config\Cache), false)
 5 FCPATH\index.php(79): CodeIgniter\CodeIgniter->run()
CRITICAL - 2024-08-01 14:01:35 --> Undefined array key "cmc_document_date"
in APPPATH\Controllers\Record.php on line 389.
 1 APPPATH\Controllers\Record.php(389): CodeIgniter\Debug\Exceptions->errorHandler(2, 'Undefined array key "cmc_document_date"', 'C:\\xampp\\htdocs\\2024\\cmc\\app\\Controllers\\Record.php', 389)
 2 SYSTEMPATH\CodeIgniter.php(942): App\Controllers\Record->recordSave()
 3 SYSTEMPATH\CodeIgniter.php(502): CodeIgniter\CodeIgniter->runController(Object(App\Controllers\Record))
 4 SYSTEMPATH\CodeIgniter.php(361): CodeIgniter\CodeIgniter->handleRequest(null, Object(Config\Cache), false)
 5 FCPATH\index.php(79): CodeIgniter\CodeIgniter->run()
CRITICAL - 2024-08-01 14:15:25 --> Undefined array key "cmc_document_date"
in APPPATH\Controllers\Record.php on line 389.
 1 APPPATH\Controllers\Record.php(389): CodeIgniter\Debug\Exceptions->errorHandler(2, 'Undefined array key "cmc_document_date"', 'C:\\xampp\\htdocs\\2024\\cmc\\app\\Controllers\\Record.php', 389)
 2 SYSTEMPATH\CodeIgniter.php(942): App\Controllers\Record->recordSave()
 3 SYSTEMPATH\CodeIgniter.php(502): CodeIgniter\CodeIgniter->runController(Object(App\Controllers\Record))
 4 SYSTEMPATH\CodeIgniter.php(361): CodeIgniter\CodeIgniter->handleRequest(null, Object(Config\Cache), false)
 5 FCPATH\index.php(79): CodeIgniter\CodeIgniter->run()
CRITICAL - 2024-08-01 15:07:06 --> Undefined array key "cmc_document_date"
in APPPATH\Controllers\Record.php on line 389.
 1 APPPATH\Controllers\Record.php(389): CodeIgniter\Debug\Exceptions->errorHandler(2, 'Undefined array key "cmc_document_date"', 'C:\\xampp\\htdocs\\2024\\cmc\\app\\Controllers\\Record.php', 389)
 2 SYSTEMPATH\CodeIgniter.php(942): App\Controllers\Record->recordSave()
 3 SYSTEMPATH\CodeIgniter.php(502): CodeIgniter\CodeIgniter->runController(Object(App\Controllers\Record))
 4 SYSTEMPATH\CodeIgniter.php(361): CodeIgniter\CodeIgniter->handleRequest(null, Object(Config\Cache), false)
 5 FCPATH\index.php(79): CodeIgniter\CodeIgniter->run()
