CRITICAL - 2024-02-09 07:02:23 --> Undefined array key "cmc_document_date"
in APPPATH\Controllers\Record.php on line 383.
 1 APPPATH\Controllers\Record.php(383): CodeIgniter\Debug\Exceptions->errorHandler(2, 'Undefined array key "cmc_document_date"', 'C:\\xampp\\htdocs\\2024\\cmc\\app\\Controllers\\Record.php', 383)
 2 SYSTEMPATH\CodeIgniter.php(942): App\Controllers\Record->recordSave()
 3 SYSTEMPATH\CodeIgniter.php(502): CodeIgniter\CodeIgniter->runController(Object(App\Controllers\Record))
 4 SYSTEMPATH\CodeIgniter.php(361): CodeIgniter\CodeIgniter->handleRequest(null, Object(Config\Cache), false)
 5 FCPATH\index.php(79): CodeIgniter\CodeIgniter->run()
CRITICAL - 2024-02-09 11:39:11 --> Unsupported operand types: string + string
in APPPATH\Controllers\PrintLetter.php on line 1019.
 1 SYSTEMPATH\CodeIgniter.php(942): App\Controllers\PrintLetter->printRecord()
 2 SYSTEMPATH\CodeIgniter.php(502): CodeIgniter\CodeIgniter->runController(Object(App\Controllers\PrintLetter))
 3 SYSTEMPATH\CodeIgniter.php(361): CodeIgniter\CodeIgniter->handleRequest(null, Object(Config\Cache), false)
 4 FCPATH\index.php(79): CodeIgniter\CodeIgniter->run()
CRITICAL - 2024-02-09 11:40:04 --> Unsupported operand types: string + string
in APPPATH\Controllers\PrintLetter.php on line 1019.
 1 SYSTEMPATH\CodeIgniter.php(942): App\Controllers\PrintLetter->printRecord()
 2 SYSTEMPATH\CodeIgniter.php(502): CodeIgniter\CodeIgniter->runController(Object(App\Controllers\PrintLetter))
 3 SYSTEMPATH\CodeIgniter.php(361): CodeIgniter\CodeIgniter->handleRequest(null, Object(Config\Cache), false)
 4 FCPATH\index.php(79): CodeIgniter\CodeIgniter->run()
CRITICAL - 2024-02-09 11:40:16 --> Unsupported operand types: string + string
in APPPATH\Controllers\PrintLetter.php on line 1019.
 1 SYSTEMPATH\CodeIgniter.php(942): App\Controllers\PrintLetter->printRecord()
 2 SYSTEMPATH\CodeIgniter.php(502): CodeIgniter\CodeIgniter->runController(Object(App\Controllers\PrintLetter))
 3 SYSTEMPATH\CodeIgniter.php(361): CodeIgniter\CodeIgniter->handleRequest(null, Object(Config\Cache), false)
 4 FCPATH\index.php(79): CodeIgniter\CodeIgniter->run()
CRITICAL - 2024-02-09 11:40:28 --> Unsupported operand types: string + string
in APPPATH\Controllers\PrintLetter.php on line 1019.
 1 SYSTEMPATH\CodeIgniter.php(942): App\Controllers\PrintLetter->printRecord()
 2 SYSTEMPATH\CodeIgniter.php(502): CodeIgniter\CodeIgniter->runController(Object(App\Controllers\PrintLetter))
 3 SYSTEMPATH\CodeIgniter.php(361): CodeIgniter\CodeIgniter->handleRequest(null, Object(Config\Cache), false)
 4 FCPATH\index.php(79): CodeIgniter\CodeIgniter->run()
CRITICAL - 2024-02-09 11:40:55 --> Unsupported operand types: string + string
in APPPATH\Controllers\PrintLetter.php on line 1019.
 1 SYSTEMPATH\CodeIgniter.php(942): App\Controllers\PrintLetter->printRecord()
 2 SYSTEMPATH\CodeIgniter.php(502): CodeIgniter\CodeIgniter->runController(Object(App\Controllers\PrintLetter))
 3 SYSTEMPATH\CodeIgniter.php(361): CodeIgniter\CodeIgniter->handleRequest(null, Object(Config\Cache), false)
 4 FCPATH\index.php(79): CodeIgniter\CodeIgniter->run()
CRITICAL - 2024-02-09 11:42:11 --> Unsupported operand types: string + string
in APPPATH\Controllers\PrintLetter.php on line 1019.
 1 SYSTEMPATH\CodeIgniter.php(942): App\Controllers\PrintLetter->printRecord()
 2 SYSTEMPATH\CodeIgniter.php(502): CodeIgniter\CodeIgniter->runController(Object(App\Controllers\PrintLetter))
 3 SYSTEMPATH\CodeIgniter.php(361): CodeIgniter\CodeIgniter->handleRequest(null, Object(Config\Cache), false)
 4 FCPATH\index.php(79): CodeIgniter\CodeIgniter->run()
CRITICAL - 2024-02-09 11:42:49 --> Unsupported operand types: string + string
in APPPATH\Controllers\PrintLetter.php on line 1019.
 1 SYSTEMPATH\CodeIgniter.php(942): App\Controllers\PrintLetter->printRecord()
 2 SYSTEMPATH\CodeIgniter.php(502): CodeIgniter\CodeIgniter->runController(Object(App\Controllers\PrintLetter))
 3 SYSTEMPATH\CodeIgniter.php(361): CodeIgniter\CodeIgniter->handleRequest(null, Object(Config\Cache), false)
 4 FCPATH\index.php(79): CodeIgniter\CodeIgniter->run()
CRITICAL - 2024-02-09 11:44:48 --> Unsupported operand types: string + string
in APPPATH\Controllers\PrintLetter.php on line 1019.
 1 SYSTEMPATH\CodeIgniter.php(942): App\Controllers\PrintLetter->printRecord()
 2 SYSTEMPATH\CodeIgniter.php(502): CodeIgniter\CodeIgniter->runController(Object(App\Controllers\PrintLetter))
 3 SYSTEMPATH\CodeIgniter.php(361): CodeIgniter\CodeIgniter->handleRequest(null, Object(Config\Cache), false)
 4 FCPATH\index.php(79): CodeIgniter\CodeIgniter->run()
CRITICAL - 2024-02-09 11:49:07 --> Unsupported operand types: string + string
in APPPATH\Controllers\PrintLetter.php on line 1019.
 1 SYSTEMPATH\CodeIgniter.php(942): App\Controllers\PrintLetter->printRecord()
 2 SYSTEMPATH\CodeIgniter.php(502): CodeIgniter\CodeIgniter->runController(Object(App\Controllers\PrintLetter))
 3 SYSTEMPATH\CodeIgniter.php(361): CodeIgniter\CodeIgniter->handleRequest(null, Object(Config\Cache), false)
 4 FCPATH\index.php(79): CodeIgniter\CodeIgniter->run()
CRITICAL - 2024-02-09 11:49:47 --> Unsupported operand types: string + string
in APPPATH\Controllers\PrintLetter.php on line 1019.
 1 SYSTEMPATH\CodeIgniter.php(942): App\Controllers\PrintLetter->printRecord()
 2 SYSTEMPATH\CodeIgniter.php(502): CodeIgniter\CodeIgniter->runController(Object(App\Controllers\PrintLetter))
 3 SYSTEMPATH\CodeIgniter.php(361): CodeIgniter\CodeIgniter->handleRequest(null, Object(Config\Cache), false)
 4 FCPATH\index.php(79): CodeIgniter\CodeIgniter->run()
