CRITICAL - 2024-03-14 07:21:11 --> syntax error, unexpected token ":"
in APPPATH\Views\Admin\TemplateManagement\MonthlyReportTemplate\editMonthlyReportTemplate.php on line 36.
 1 SYSTEMPATH\View\View.php(231): CodeIgniter\View\View->CodeIgniter\View\{closure}()
 2 SYSTEMPATH\Common.php(1190): CodeIgniter\View\View->render('Admin/TemplateManagement/MonthlyReportTemplate/editMonthlyReportTemplate', [], true)
 3 APPPATH\Controllers\Template.php(87): view('Admin/TemplateManagement/MonthlyReportTemplate/editMonthlyReportTemplate', [...])
 4 SYSTEMPATH\CodeIgniter.php(942): App\Controllers\Template->monthlyReportTemplateEdit('26')
 5 SYSTEMPATH\CodeIgniter.php(502): CodeIgniter\CodeIgniter->runController(Object(App\Controllers\Template))
 6 SYSTEMPATH\CodeIgniter.php(361): CodeIgniter\CodeIgniter->handleRequest(null, Object(Config\Cache), false)
 7 FCPATH\index.php(79): CodeIgniter\CodeIgniter->run()
CRITICAL - 2024-03-14 07:21:28 --> syntax error, unexpected token ":"
in APPPATH\Views\Admin\TemplateManagement\MonthlyReportTemplate\editMonthlyReportTemplate.php on line 36.
 1 SYSTEMPATH\View\View.php(231): CodeIgniter\View\View->CodeIgniter\View\{closure}()
 2 SYSTEMPATH\Common.php(1190): CodeIgniter\View\View->render('Admin/TemplateManagement/MonthlyReportTemplate/editMonthlyReportTemplate', [], true)
 3 APPPATH\Controllers\Template.php(87): view('Admin/TemplateManagement/MonthlyReportTemplate/editMonthlyReportTemplate', [...])
 4 SYSTEMPATH\CodeIgniter.php(942): App\Controllers\Template->monthlyReportTemplateEdit('26')
 5 SYSTEMPATH\CodeIgniter.php(502): CodeIgniter\CodeIgniter->runController(Object(App\Controllers\Template))
 6 SYSTEMPATH\CodeIgniter.php(361): CodeIgniter\CodeIgniter->handleRequest(null, Object(Config\Cache), false)
 7 FCPATH\index.php(79): CodeIgniter\CodeIgniter->run()
CRITICAL - 2024-03-14 07:22:26 --> Undefined variable $fixedTemplate
in APPPATH\Controllers\Template.php on line 86.
 1 APPPATH\Controllers\Template.php(86): CodeIgniter\Debug\Exceptions->errorHandler(2, 'Undefined variable $fixedTemplate', 'C:\\xampp\\htdocs\\2024\\cmc\\app\\Controllers\\Template.php', 86)
 2 SYSTEMPATH\CodeIgniter.php(942): App\Controllers\Template->monthlyReportTemplateEdit('26')
 3 SYSTEMPATH\CodeIgniter.php(502): CodeIgniter\CodeIgniter->runController(Object(App\Controllers\Template))
 4 SYSTEMPATH\CodeIgniter.php(361): CodeIgniter\CodeIgniter->handleRequest(null, Object(Config\Cache), false)
 5 FCPATH\index.php(79): CodeIgniter\CodeIgniter->run()
CRITICAL - 2024-03-14 07:22:28 --> Undefined variable $fixedTemplate
in APPPATH\Controllers\Template.php on line 86.
 1 APPPATH\Controllers\Template.php(86): CodeIgniter\Debug\Exceptions->errorHandler(2, 'Undefined variable $fixedTemplate', 'C:\\xampp\\htdocs\\2024\\cmc\\app\\Controllers\\Template.php', 86)
 2 SYSTEMPATH\CodeIgniter.php(942): App\Controllers\Template->monthlyReportTemplateEdit('26')
 3 SYSTEMPATH\CodeIgniter.php(502): CodeIgniter\CodeIgniter->runController(Object(App\Controllers\Template))
 4 SYSTEMPATH\CodeIgniter.php(361): CodeIgniter\CodeIgniter->handleRequest(null, Object(Config\Cache), false)
 5 FCPATH\index.php(79): CodeIgniter\CodeIgniter->run()
CRITICAL - 2024-03-14 07:22:55 --> Undefined variable $userDetails
in APPPATH\Controllers\Template.php on line 86.
 1 APPPATH\Controllers\Template.php(86): CodeIgniter\Debug\Exceptions->errorHandler(2, 'Undefined variable $userDetails', 'C:\\xampp\\htdocs\\2024\\cmc\\app\\Controllers\\Template.php', 86)
 2 SYSTEMPATH\CodeIgniter.php(942): App\Controllers\Template->monthlyReportTemplateEdit('26')
 3 SYSTEMPATH\CodeIgniter.php(502): CodeIgniter\CodeIgniter->runController(Object(App\Controllers\Template))
 4 SYSTEMPATH\CodeIgniter.php(361): CodeIgniter\CodeIgniter->handleRequest(null, Object(Config\Cache), false)
 5 FCPATH\index.php(79): CodeIgniter\CodeIgniter->run()
CRITICAL - 2024-03-14 07:23:19 --> Undefined variable $userDetails
in APPPATH\Controllers\Template.php on line 86.
 1 APPPATH\Controllers\Template.php(86): CodeIgniter\Debug\Exceptions->errorHandler(2, 'Undefined variable $userDetails', 'C:\\xampp\\htdocs\\2024\\cmc\\app\\Controllers\\Template.php', 86)
 2 SYSTEMPATH\CodeIgniter.php(942): App\Controllers\Template->monthlyReportTemplateEdit('26')
 3 SYSTEMPATH\CodeIgniter.php(502): CodeIgniter\CodeIgniter->runController(Object(App\Controllers\Template))
 4 SYSTEMPATH\CodeIgniter.php(361): CodeIgniter\CodeIgniter->handleRequest(null, Object(Config\Cache), false)
 5 FCPATH\index.php(79): CodeIgniter\CodeIgniter->run()
CRITICAL - 2024-03-14 07:23:20 --> Undefined variable $userDetails
in APPPATH\Controllers\Template.php on line 86.
 1 APPPATH\Controllers\Template.php(86): CodeIgniter\Debug\Exceptions->errorHandler(2, 'Undefined variable $userDetails', 'C:\\xampp\\htdocs\\2024\\cmc\\app\\Controllers\\Template.php', 86)
 2 SYSTEMPATH\CodeIgniter.php(942): App\Controllers\Template->monthlyReportTemplateEdit('26')
 3 SYSTEMPATH\CodeIgniter.php(502): CodeIgniter\CodeIgniter->runController(Object(App\Controllers\Template))
 4 SYSTEMPATH\CodeIgniter.php(361): CodeIgniter\CodeIgniter->handleRequest(null, Object(Config\Cache), false)
 5 FCPATH\index.php(79): CodeIgniter\CodeIgniter->run()
CRITICAL - 2024-03-14 07:23:20 --> Undefined variable $userDetails
in APPPATH\Controllers\Template.php on line 86.
 1 APPPATH\Controllers\Template.php(86): CodeIgniter\Debug\Exceptions->errorHandler(2, 'Undefined variable $userDetails', 'C:\\xampp\\htdocs\\2024\\cmc\\app\\Controllers\\Template.php', 86)
 2 SYSTEMPATH\CodeIgniter.php(942): App\Controllers\Template->monthlyReportTemplateEdit('26')
 3 SYSTEMPATH\CodeIgniter.php(502): CodeIgniter\CodeIgniter->runController(Object(App\Controllers\Template))
 4 SYSTEMPATH\CodeIgniter.php(361): CodeIgniter\CodeIgniter->handleRequest(null, Object(Config\Cache), false)
 5 FCPATH\index.php(79): CodeIgniter\CodeIgniter->run()
CRITICAL - 2024-03-14 07:23:20 --> Undefined variable $userDetails
in APPPATH\Controllers\Template.php on line 86.
 1 APPPATH\Controllers\Template.php(86): CodeIgniter\Debug\Exceptions->errorHandler(2, 'Undefined variable $userDetails', 'C:\\xampp\\htdocs\\2024\\cmc\\app\\Controllers\\Template.php', 86)
 2 SYSTEMPATH\CodeIgniter.php(942): App\Controllers\Template->monthlyReportTemplateEdit('26')
 3 SYSTEMPATH\CodeIgniter.php(502): CodeIgniter\CodeIgniter->runController(Object(App\Controllers\Template))
 4 SYSTEMPATH\CodeIgniter.php(361): CodeIgniter\CodeIgniter->handleRequest(null, Object(Config\Cache), false)
 5 FCPATH\index.php(79): CodeIgniter\CodeIgniter->run()
CRITICAL - 2024-03-14 07:24:27 --> syntax error, unexpected token ":"
in APPPATH\Views\Admin\TemplateManagement\MonthlyReportTemplate\editMonthlyReportTemplate.php on line 36.
 1 SYSTEMPATH\View\View.php(231): CodeIgniter\View\View->CodeIgniter\View\{closure}()
 2 SYSTEMPATH\Common.php(1190): CodeIgniter\View\View->render('Admin/TemplateManagement/MonthlyReportTemplate/editMonthlyReportTemplate', [], true)
 3 APPPATH\Controllers\Template.php(88): view('Admin/TemplateManagement/MonthlyReportTemplate/editMonthlyReportTemplate', [...])
 4 SYSTEMPATH\CodeIgniter.php(942): App\Controllers\Template->monthlyReportTemplateEdit('26')
 5 SYSTEMPATH\CodeIgniter.php(502): CodeIgniter\CodeIgniter->runController(Object(App\Controllers\Template))
 6 SYSTEMPATH\CodeIgniter.php(361): CodeIgniter\CodeIgniter->handleRequest(null, Object(Config\Cache), false)
 7 FCPATH\index.php(79): CodeIgniter\CodeIgniter->run()
CRITICAL - 2024-03-14 07:24:44 --> syntax error, unexpected token ":"
in APPPATH\Views\Admin\TemplateManagement\MonthlyReportTemplate\editMonthlyReportTemplate.php on line 36.
 1 SYSTEMPATH\View\View.php(231): CodeIgniter\View\View->CodeIgniter\View\{closure}()
 2 SYSTEMPATH\Common.php(1190): CodeIgniter\View\View->render('Admin/TemplateManagement/MonthlyReportTemplate/editMonthlyReportTemplate', [], true)
 3 APPPATH\Controllers\Template.php(88): view('Admin/TemplateManagement/MonthlyReportTemplate/editMonthlyReportTemplate', [...])
 4 SYSTEMPATH\CodeIgniter.php(942): App\Controllers\Template->monthlyReportTemplateEdit('26')
 5 SYSTEMPATH\CodeIgniter.php(502): CodeIgniter\CodeIgniter->runController(Object(App\Controllers\Template))
 6 SYSTEMPATH\CodeIgniter.php(361): CodeIgniter\CodeIgniter->handleRequest(null, Object(Config\Cache), false)
 7 FCPATH\index.php(79): CodeIgniter\CodeIgniter->run()
CRITICAL - 2024-03-14 07:26:25 --> Call to undefined method CodeIgniter\Session\Session::set_userdata()
in APPPATH\Controllers\UpdateRecord.php on line 665.
 1 SYSTEMPATH\CodeIgniter.php(942): App\Controllers\UpdateRecord->setPi('9647890417')
 2 SYSTEMPATH\CodeIgniter.php(502): CodeIgniter\CodeIgniter->runController(Object(App\Controllers\UpdateRecord))
 3 SYSTEMPATH\CodeIgniter.php(361): CodeIgniter\CodeIgniter->handleRequest(null, Object(Config\Cache), false)
 4 FCPATH\index.php(79): CodeIgniter\CodeIgniter->run()
CRITICAL - 2024-03-14 07:29:11 --> Call to undefined method CodeIgniter\Session\Session::set_userdata()
in APPPATH\Controllers\UpdateRecord.php on line 666.
 1 SYSTEMPATH\CodeIgniter.php(942): App\Controllers\UpdateRecord->setPi('9647890417')
 2 SYSTEMPATH\CodeIgniter.php(502): CodeIgniter\CodeIgniter->runController(Object(App\Controllers\UpdateRecord))
 3 SYSTEMPATH\CodeIgniter.php(361): CodeIgniter\CodeIgniter->handleRequest(null, Object(Config\Cache), false)
 4 FCPATH\index.php(79): CodeIgniter\CodeIgniter->run()
CRITICAL - 2024-03-14 07:30:03 --> Call to undefined method CodeIgniter\Session\Session::set_userdata()
in APPPATH\Controllers\UpdateRecord.php on line 666.
 1 SYSTEMPATH\CodeIgniter.php(942): App\Controllers\UpdateRecord->setPi('9647890417')
 2 SYSTEMPATH\CodeIgniter.php(502): CodeIgniter\CodeIgniter->runController(Object(App\Controllers\UpdateRecord))
 3 SYSTEMPATH\CodeIgniter.php(361): CodeIgniter\CodeIgniter->handleRequest(null, Object(Config\Cache), false)
 4 FCPATH\index.php(79): CodeIgniter\CodeIgniter->run()
CRITICAL - 2024-03-14 07:30:18 --> Call to undefined method CodeIgniter\Session\Session::set_userdata()
in APPPATH\Controllers\UpdateRecord.php on line 666.
 1 SYSTEMPATH\CodeIgniter.php(942): App\Controllers\UpdateRecord->setPi('9647890417')
 2 SYSTEMPATH\CodeIgniter.php(502): CodeIgniter\CodeIgniter->runController(Object(App\Controllers\UpdateRecord))
 3 SYSTEMPATH\CodeIgniter.php(361): CodeIgniter\CodeIgniter->handleRequest(null, Object(Config\Cache), false)
 4 FCPATH\index.php(79): CodeIgniter\CodeIgniter->run()
CRITICAL - 2024-03-14 07:32:01 --> Call to undefined method CodeIgniter\Session\Session::set_userdata()
in APPPATH\Controllers\UpdateRecord.php on line 666.
 1 SYSTEMPATH\CodeIgniter.php(942): App\Controllers\UpdateRecord->setPi('9647890417')
 2 SYSTEMPATH\CodeIgniter.php(502): CodeIgniter\CodeIgniter->runController(Object(App\Controllers\UpdateRecord))
 3 SYSTEMPATH\CodeIgniter.php(361): CodeIgniter\CodeIgniter->handleRequest(null, Object(Config\Cache), false)
 4 FCPATH\index.php(79): CodeIgniter\CodeIgniter->run()
CRITICAL - 2024-03-14 07:32:43 --> Call to undefined method CodeIgniter\Session\Session::set_userdata()
in APPPATH\Controllers\UpdateRecord.php on line 666.
 1 SYSTEMPATH\CodeIgniter.php(942): App\Controllers\UpdateRecord->setPi('9647890417')
 2 SYSTEMPATH\CodeIgniter.php(502): CodeIgniter\CodeIgniter->runController(Object(App\Controllers\UpdateRecord))
 3 SYSTEMPATH\CodeIgniter.php(361): CodeIgniter\CodeIgniter->handleRequest(null, Object(Config\Cache), false)
 4 FCPATH\index.php(79): CodeIgniter\CodeIgniter->run()
CRITICAL - 2024-03-14 07:34:23 --> Call to undefined method CodeIgniter\Session\Session::set_userdata()
in APPPATH\Controllers\UpdateRecord.php on line 667.
 1 SYSTEMPATH\CodeIgniter.php(942): App\Controllers\UpdateRecord->setPi('9647890417')
 2 SYSTEMPATH\CodeIgniter.php(502): CodeIgniter\CodeIgniter->runController(Object(App\Controllers\UpdateRecord))
 3 SYSTEMPATH\CodeIgniter.php(361): CodeIgniter\CodeIgniter->handleRequest(null, Object(Config\Cache), false)
 4 FCPATH\index.php(79): CodeIgniter\CodeIgniter->run()
CRITICAL - 2024-03-14 07:34:30 --> Call to undefined method CodeIgniter\Session\Session::set_userdata()
in APPPATH\Controllers\UpdateRecord.php on line 667.
 1 SYSTEMPATH\CodeIgniter.php(942): App\Controllers\UpdateRecord->setPi('9647890417')
 2 SYSTEMPATH\CodeIgniter.php(502): CodeIgniter\CodeIgniter->runController(Object(App\Controllers\UpdateRecord))
 3 SYSTEMPATH\CodeIgniter.php(361): CodeIgniter\CodeIgniter->handleRequest(null, Object(Config\Cache), false)
 4 FCPATH\index.php(79): CodeIgniter\CodeIgniter->run()
CRITICAL - 2024-03-14 07:34:31 --> Call to undefined method CodeIgniter\Session\Session::set_userdata()
in APPPATH\Controllers\UpdateRecord.php on line 667.
 1 SYSTEMPATH\CodeIgniter.php(942): App\Controllers\UpdateRecord->setPi('9647890417')
 2 SYSTEMPATH\CodeIgniter.php(502): CodeIgniter\CodeIgniter->runController(Object(App\Controllers\UpdateRecord))
 3 SYSTEMPATH\CodeIgniter.php(361): CodeIgniter\CodeIgniter->handleRequest(null, Object(Config\Cache), false)
 4 FCPATH\index.php(79): CodeIgniter\CodeIgniter->run()
CRITICAL - 2024-03-14 07:34:32 --> Call to undefined method CodeIgniter\Session\Session::set_userdata()
in APPPATH\Controllers\UpdateRecord.php on line 667.
 1 SYSTEMPATH\CodeIgniter.php(942): App\Controllers\UpdateRecord->setPi('9647890417')
 2 SYSTEMPATH\CodeIgniter.php(502): CodeIgniter\CodeIgniter->runController(Object(App\Controllers\UpdateRecord))
 3 SYSTEMPATH\CodeIgniter.php(361): CodeIgniter\CodeIgniter->handleRequest(null, Object(Config\Cache), false)
 4 FCPATH\index.php(79): CodeIgniter\CodeIgniter->run()
CRITICAL - 2024-03-14 07:34:32 --> Call to undefined method CodeIgniter\Session\Session::set_userdata()
in APPPATH\Controllers\UpdateRecord.php on line 667.
 1 SYSTEMPATH\CodeIgniter.php(942): App\Controllers\UpdateRecord->setPi('9647890417')
 2 SYSTEMPATH\CodeIgniter.php(502): CodeIgniter\CodeIgniter->runController(Object(App\Controllers\UpdateRecord))
 3 SYSTEMPATH\CodeIgniter.php(361): CodeIgniter\CodeIgniter->handleRequest(null, Object(Config\Cache), false)
 4 FCPATH\index.php(79): CodeIgniter\CodeIgniter->run()
CRITICAL - 2024-03-14 07:34:32 --> Call to undefined method CodeIgniter\Session\Session::set_userdata()
in APPPATH\Controllers\UpdateRecord.php on line 667.
 1 SYSTEMPATH\CodeIgniter.php(942): App\Controllers\UpdateRecord->setPi('9647890417')
 2 SYSTEMPATH\CodeIgniter.php(502): CodeIgniter\CodeIgniter->runController(Object(App\Controllers\UpdateRecord))
 3 SYSTEMPATH\CodeIgniter.php(361): CodeIgniter\CodeIgniter->handleRequest(null, Object(Config\Cache), false)
 4 FCPATH\index.php(79): CodeIgniter\CodeIgniter->run()
CRITICAL - 2024-03-14 07:34:32 --> Call to undefined method CodeIgniter\Session\Session::set_userdata()
in APPPATH\Controllers\UpdateRecord.php on line 667.
 1 SYSTEMPATH\CodeIgniter.php(942): App\Controllers\UpdateRecord->setPi('9647890417')
 2 SYSTEMPATH\CodeIgniter.php(502): CodeIgniter\CodeIgniter->runController(Object(App\Controllers\UpdateRecord))
 3 SYSTEMPATH\CodeIgniter.php(361): CodeIgniter\CodeIgniter->handleRequest(null, Object(Config\Cache), false)
 4 FCPATH\index.php(79): CodeIgniter\CodeIgniter->run()
CRITICAL - 2024-03-14 07:36:23 --> Call to undefined method CodeIgniter\Session\Session::set_userdata()
in APPPATH\Controllers\UpdateRecord.php on line 668.
 1 SYSTEMPATH\CodeIgniter.php(942): App\Controllers\UpdateRecord->setPi('9647890417')
 2 SYSTEMPATH\CodeIgniter.php(502): CodeIgniter\CodeIgniter->runController(Object(App\Controllers\UpdateRecord))
 3 SYSTEMPATH\CodeIgniter.php(361): CodeIgniter\CodeIgniter->handleRequest(null, Object(Config\Cache), false)
 4 FCPATH\index.php(79): CodeIgniter\CodeIgniter->run()
CRITICAL - 2024-03-14 07:37:36 --> Call to undefined method CodeIgniter\Session\Session::set_userdata()
in APPPATH\Controllers\UpdateRecord.php on line 668.
 1 SYSTEMPATH\CodeIgniter.php(942): App\Controllers\UpdateRecord->setPi('9647890417')
 2 SYSTEMPATH\CodeIgniter.php(502): CodeIgniter\CodeIgniter->runController(Object(App\Controllers\UpdateRecord))
 3 SYSTEMPATH\CodeIgniter.php(361): CodeIgniter\CodeIgniter->handleRequest(null, Object(Config\Cache), false)
 4 FCPATH\index.php(79): CodeIgniter\CodeIgniter->run()
CRITICAL - 2024-03-14 07:37:37 --> Call to undefined method CodeIgniter\Session\Session::set_userdata()
in APPPATH\Controllers\UpdateRecord.php on line 668.
 1 SYSTEMPATH\CodeIgniter.php(942): App\Controllers\UpdateRecord->setPi('9647890417')
 2 SYSTEMPATH\CodeIgniter.php(502): CodeIgniter\CodeIgniter->runController(Object(App\Controllers\UpdateRecord))
 3 SYSTEMPATH\CodeIgniter.php(361): CodeIgniter\CodeIgniter->handleRequest(null, Object(Config\Cache), false)
 4 FCPATH\index.php(79): CodeIgniter\CodeIgniter->run()
CRITICAL - 2024-03-14 07:37:37 --> Call to undefined method CodeIgniter\Session\Session::set_userdata()
in APPPATH\Controllers\UpdateRecord.php on line 668.
 1 SYSTEMPATH\CodeIgniter.php(942): App\Controllers\UpdateRecord->setPi('9647890417')
 2 SYSTEMPATH\CodeIgniter.php(502): CodeIgniter\CodeIgniter->runController(Object(App\Controllers\UpdateRecord))
 3 SYSTEMPATH\CodeIgniter.php(361): CodeIgniter\CodeIgniter->handleRequest(null, Object(Config\Cache), false)
 4 FCPATH\index.php(79): CodeIgniter\CodeIgniter->run()
CRITICAL - 2024-03-14 07:37:37 --> Call to undefined method CodeIgniter\Session\Session::set_userdata()
in APPPATH\Controllers\UpdateRecord.php on line 668.
 1 SYSTEMPATH\CodeIgniter.php(942): App\Controllers\UpdateRecord->setPi('9647890417')
 2 SYSTEMPATH\CodeIgniter.php(502): CodeIgniter\CodeIgniter->runController(Object(App\Controllers\UpdateRecord))
 3 SYSTEMPATH\CodeIgniter.php(361): CodeIgniter\CodeIgniter->handleRequest(null, Object(Config\Cache), false)
 4 FCPATH\index.php(79): CodeIgniter\CodeIgniter->run()
CRITICAL - 2024-03-14 07:38:48 --> Call to undefined method CodeIgniter\Session\Session::set_userdata()
in APPPATH\Controllers\UpdateRecord.php on line 668.
 1 SYSTEMPATH\CodeIgniter.php(942): App\Controllers\UpdateRecord->setPi('9647890417')
 2 SYSTEMPATH\CodeIgniter.php(502): CodeIgniter\CodeIgniter->runController(Object(App\Controllers\UpdateRecord))
 3 SYSTEMPATH\CodeIgniter.php(361): CodeIgniter\CodeIgniter->handleRequest(null, Object(Config\Cache), false)
 4 FCPATH\index.php(79): CodeIgniter\CodeIgniter->run()
CRITICAL - 2024-03-14 07:38:49 --> Call to undefined method CodeIgniter\Session\Session::set_userdata()
in APPPATH\Controllers\UpdateRecord.php on line 668.
 1 SYSTEMPATH\CodeIgniter.php(942): App\Controllers\UpdateRecord->setPi('9647890417')
 2 SYSTEMPATH\CodeIgniter.php(502): CodeIgniter\CodeIgniter->runController(Object(App\Controllers\UpdateRecord))
 3 SYSTEMPATH\CodeIgniter.php(361): CodeIgniter\CodeIgniter->handleRequest(null, Object(Config\Cache), false)
 4 FCPATH\index.php(79): CodeIgniter\CodeIgniter->run()
CRITICAL - 2024-03-14 07:38:49 --> Call to undefined method CodeIgniter\Session\Session::set_userdata()
in APPPATH\Controllers\UpdateRecord.php on line 668.
 1 SYSTEMPATH\CodeIgniter.php(942): App\Controllers\UpdateRecord->setPi('9647890417')
 2 SYSTEMPATH\CodeIgniter.php(502): CodeIgniter\CodeIgniter->runController(Object(App\Controllers\UpdateRecord))
 3 SYSTEMPATH\CodeIgniter.php(361): CodeIgniter\CodeIgniter->handleRequest(null, Object(Config\Cache), false)
 4 FCPATH\index.php(79): CodeIgniter\CodeIgniter->run()
CRITICAL - 2024-03-14 07:39:58 --> syntax error, unexpected token ":"
in APPPATH\Controllers\UpdateRecord.php on line 629.
 1 SYSTEMPATH\Autoloader\Autoloader.php(291): CodeIgniter\Autoloader\Autoloader->includeFile('C:\\xampp\\htdocs\\2024\\cmc\\app\\Controllers\\UpdateRecord.php')
 2 SYSTEMPATH\Autoloader\Autoloader.php(269): CodeIgniter\Autoloader\Autoloader->loadInNamespace('App\\Controllers\\UpdateRecord')
 3 [internal function]: CodeIgniter\Autoloader\Autoloader->loadClass('App\\Controllers\\UpdateRecord')
 4 SYSTEMPATH\CodeIgniter.php(900): class_exists('\\App\\Controllers\\UpdateRecord', true)
 5 SYSTEMPATH\CodeIgniter.php(489): CodeIgniter\CodeIgniter->startController()
 6 SYSTEMPATH\CodeIgniter.php(361): CodeIgniter\CodeIgniter->handleRequest(null, Object(Config\Cache), false)
 7 FCPATH\index.php(79): CodeIgniter\CodeIgniter->run()
CRITICAL - 2024-03-14 07:40:12 --> syntax error, unexpected token ":"
in APPPATH\Controllers\UpdateRecord.php on line 629.
 1 SYSTEMPATH\Autoloader\Autoloader.php(291): CodeIgniter\Autoloader\Autoloader->includeFile('C:\\xampp\\htdocs\\2024\\cmc\\app\\Controllers\\UpdateRecord.php')
 2 SYSTEMPATH\Autoloader\Autoloader.php(269): CodeIgniter\Autoloader\Autoloader->loadInNamespace('App\\Controllers\\UpdateRecord')
 3 [internal function]: CodeIgniter\Autoloader\Autoloader->loadClass('App\\Controllers\\UpdateRecord')
 4 SYSTEMPATH\CodeIgniter.php(900): class_exists('\\App\\Controllers\\UpdateRecord', true)
 5 SYSTEMPATH\CodeIgniter.php(489): CodeIgniter\CodeIgniter->startController()
 6 SYSTEMPATH\CodeIgniter.php(361): CodeIgniter\CodeIgniter->handleRequest(null, Object(Config\Cache), false)
 7 FCPATH\index.php(79): CodeIgniter\CodeIgniter->run()
CRITICAL - 2024-03-14 07:40:13 --> syntax error, unexpected token ":"
in APPPATH\Controllers\UpdateRecord.php on line 629.
 1 SYSTEMPATH\Autoloader\Autoloader.php(291): CodeIgniter\Autoloader\Autoloader->includeFile('C:\\xampp\\htdocs\\2024\\cmc\\app\\Controllers\\UpdateRecord.php')
 2 SYSTEMPATH\Autoloader\Autoloader.php(269): CodeIgniter\Autoloader\Autoloader->loadInNamespace('App\\Controllers\\UpdateRecord')
 3 [internal function]: CodeIgniter\Autoloader\Autoloader->loadClass('App\\Controllers\\UpdateRecord')
 4 SYSTEMPATH\CodeIgniter.php(900): class_exists('\\App\\Controllers\\UpdateRecord', true)
 5 SYSTEMPATH\CodeIgniter.php(489): CodeIgniter\CodeIgniter->startController()
 6 SYSTEMPATH\CodeIgniter.php(361): CodeIgniter\CodeIgniter->handleRequest(null, Object(Config\Cache), false)
 7 FCPATH\index.php(79): CodeIgniter\CodeIgniter->run()
CRITICAL - 2024-03-14 07:40:13 --> syntax error, unexpected token ":"
in APPPATH\Controllers\UpdateRecord.php on line 629.
 1 SYSTEMPATH\Autoloader\Autoloader.php(291): CodeIgniter\Autoloader\Autoloader->includeFile('C:\\xampp\\htdocs\\2024\\cmc\\app\\Controllers\\UpdateRecord.php')
 2 SYSTEMPATH\Autoloader\Autoloader.php(269): CodeIgniter\Autoloader\Autoloader->loadInNamespace('App\\Controllers\\UpdateRecord')
 3 [internal function]: CodeIgniter\Autoloader\Autoloader->loadClass('App\\Controllers\\UpdateRecord')
 4 SYSTEMPATH\CodeIgniter.php(900): class_exists('\\App\\Controllers\\UpdateRecord', true)
 5 SYSTEMPATH\CodeIgniter.php(489): CodeIgniter\CodeIgniter->startController()
 6 SYSTEMPATH\CodeIgniter.php(361): CodeIgniter\CodeIgniter->handleRequest(null, Object(Config\Cache), false)
 7 FCPATH\index.php(79): CodeIgniter\CodeIgniter->run()
CRITICAL - 2024-03-14 07:42:22 --> syntax error, unexpected token ":"
in APPPATH\Controllers\UpdateRecord.php on line 630.
 1 SYSTEMPATH\Autoloader\Autoloader.php(291): CodeIgniter\Autoloader\Autoloader->includeFile('C:\\xampp\\htdocs\\2024\\cmc\\app\\Controllers\\UpdateRecord.php')
 2 SYSTEMPATH\Autoloader\Autoloader.php(269): CodeIgniter\Autoloader\Autoloader->loadInNamespace('App\\Controllers\\UpdateRecord')
 3 [internal function]: CodeIgniter\Autoloader\Autoloader->loadClass('App\\Controllers\\UpdateRecord')
 4 SYSTEMPATH\CodeIgniter.php(900): class_exists('\\App\\Controllers\\UpdateRecord', true)
 5 SYSTEMPATH\CodeIgniter.php(489): CodeIgniter\CodeIgniter->startController()
 6 SYSTEMPATH\CodeIgniter.php(361): CodeIgniter\CodeIgniter->handleRequest(null, Object(Config\Cache), false)
 7 FCPATH\index.php(79): CodeIgniter\CodeIgniter->run()
CRITICAL - 2024-03-14 07:42:39 --> syntax error, unexpected token ":"
in APPPATH\Controllers\UpdateRecord.php on line 630.
 1 SYSTEMPATH\Autoloader\Autoloader.php(291): CodeIgniter\Autoloader\Autoloader->includeFile('C:\\xampp\\htdocs\\2024\\cmc\\app\\Controllers\\UpdateRecord.php')
 2 SYSTEMPATH\Autoloader\Autoloader.php(269): CodeIgniter\Autoloader\Autoloader->loadInNamespace('App\\Controllers\\UpdateRecord')
 3 [internal function]: CodeIgniter\Autoloader\Autoloader->loadClass('App\\Controllers\\UpdateRecord')
 4 SYSTEMPATH\CodeIgniter.php(900): class_exists('\\App\\Controllers\\UpdateRecord', true)
 5 SYSTEMPATH\CodeIgniter.php(489): CodeIgniter\CodeIgniter->startController()
 6 SYSTEMPATH\CodeIgniter.php(361): CodeIgniter\CodeIgniter->handleRequest(null, Object(Config\Cache), false)
 7 FCPATH\index.php(79): CodeIgniter\CodeIgniter->run()
CRITICAL - 2024-03-14 07:49:33 --> Call to undefined method CodeIgniter\Session\Session::set_userdata()
in APPPATH\Controllers\UpdateRecord.php on line 670.
 1 SYSTEMPATH\CodeIgniter.php(942): App\Controllers\UpdateRecord->setPi('9647890417')
 2 SYSTEMPATH\CodeIgniter.php(502): CodeIgniter\CodeIgniter->runController(Object(App\Controllers\UpdateRecord))
 3 SYSTEMPATH\CodeIgniter.php(361): CodeIgniter\CodeIgniter->handleRequest(null, Object(Config\Cache), false)
 4 FCPATH\index.php(79): CodeIgniter\CodeIgniter->run()
CRITICAL - 2024-03-14 07:50:30 --> syntax error, unexpected variable "$vx"
in APPPATH\Controllers\UpdateRecord.php on line 657.
 1 SYSTEMPATH\Autoloader\Autoloader.php(291): CodeIgniter\Autoloader\Autoloader->includeFile('C:\\xampp\\htdocs\\2024\\cmc\\app\\Controllers\\UpdateRecord.php')
 2 SYSTEMPATH\Autoloader\Autoloader.php(269): CodeIgniter\Autoloader\Autoloader->loadInNamespace('App\\Controllers\\UpdateRecord')
 3 [internal function]: CodeIgniter\Autoloader\Autoloader->loadClass('App\\Controllers\\UpdateRecord')
 4 SYSTEMPATH\CodeIgniter.php(900): class_exists('\\App\\Controllers\\UpdateRecord', true)
 5 SYSTEMPATH\CodeIgniter.php(489): CodeIgniter\CodeIgniter->startController()
 6 SYSTEMPATH\CodeIgniter.php(361): CodeIgniter\CodeIgniter->handleRequest(null, Object(Config\Cache), false)
 7 FCPATH\index.php(79): CodeIgniter\CodeIgniter->run()
CRITICAL - 2024-03-14 07:50:31 --> syntax error, unexpected variable "$vx"
in APPPATH\Controllers\UpdateRecord.php on line 657.
 1 SYSTEMPATH\Autoloader\Autoloader.php(291): CodeIgniter\Autoloader\Autoloader->includeFile('C:\\xampp\\htdocs\\2024\\cmc\\app\\Controllers\\UpdateRecord.php')
 2 SYSTEMPATH\Autoloader\Autoloader.php(269): CodeIgniter\Autoloader\Autoloader->loadInNamespace('App\\Controllers\\UpdateRecord')
 3 [internal function]: CodeIgniter\Autoloader\Autoloader->loadClass('App\\Controllers\\UpdateRecord')
 4 SYSTEMPATH\CodeIgniter.php(900): class_exists('\\App\\Controllers\\UpdateRecord', true)
 5 SYSTEMPATH\CodeIgniter.php(489): CodeIgniter\CodeIgniter->startController()
 6 SYSTEMPATH\CodeIgniter.php(361): CodeIgniter\CodeIgniter->handleRequest(null, Object(Config\Cache), false)
 7 FCPATH\index.php(79): CodeIgniter\CodeIgniter->run()
CRITICAL - 2024-03-14 07:50:31 --> syntax error, unexpected variable "$vx"
in APPPATH\Controllers\UpdateRecord.php on line 657.
 1 SYSTEMPATH\Autoloader\Autoloader.php(291): CodeIgniter\Autoloader\Autoloader->includeFile('C:\\xampp\\htdocs\\2024\\cmc\\app\\Controllers\\UpdateRecord.php')
 2 SYSTEMPATH\Autoloader\Autoloader.php(269): CodeIgniter\Autoloader\Autoloader->loadInNamespace('App\\Controllers\\UpdateRecord')
 3 [internal function]: CodeIgniter\Autoloader\Autoloader->loadClass('App\\Controllers\\UpdateRecord')
 4 SYSTEMPATH\CodeIgniter.php(900): class_exists('\\App\\Controllers\\UpdateRecord', true)
 5 SYSTEMPATH\CodeIgniter.php(489): CodeIgniter\CodeIgniter->startController()
 6 SYSTEMPATH\CodeIgniter.php(361): CodeIgniter\CodeIgniter->handleRequest(null, Object(Config\Cache), false)
 7 FCPATH\index.php(79): CodeIgniter\CodeIgniter->run()
CRITICAL - 2024-03-14 07:51:17 --> syntax error, unexpected token ":"
in APPPATH\Controllers\UpdateRecord.php on line 630.
 1 SYSTEMPATH\Autoloader\Autoloader.php(291): CodeIgniter\Autoloader\Autoloader->includeFile('C:\\xampp\\htdocs\\2024\\cmc\\app\\Controllers\\UpdateRecord.php')
 2 SYSTEMPATH\Autoloader\Autoloader.php(269): CodeIgniter\Autoloader\Autoloader->loadInNamespace('App\\Controllers\\UpdateRecord')
 3 [internal function]: CodeIgniter\Autoloader\Autoloader->loadClass('App\\Controllers\\UpdateRecord')
 4 SYSTEMPATH\CodeIgniter.php(900): class_exists('\\App\\Controllers\\UpdateRecord', true)
 5 SYSTEMPATH\CodeIgniter.php(489): CodeIgniter\CodeIgniter->startController()
 6 SYSTEMPATH\CodeIgniter.php(361): CodeIgniter\CodeIgniter->handleRequest(null, Object(Config\Cache), false)
 7 FCPATH\index.php(79): CodeIgniter\CodeIgniter->run()
CRITICAL - 2024-03-14 07:51:18 --> syntax error, unexpected token ":"
in APPPATH\Controllers\UpdateRecord.php on line 630.
 1 SYSTEMPATH\Autoloader\Autoloader.php(291): CodeIgniter\Autoloader\Autoloader->includeFile('C:\\xampp\\htdocs\\2024\\cmc\\app\\Controllers\\UpdateRecord.php')
 2 SYSTEMPATH\Autoloader\Autoloader.php(269): CodeIgniter\Autoloader\Autoloader->loadInNamespace('App\\Controllers\\UpdateRecord')
 3 [internal function]: CodeIgniter\Autoloader\Autoloader->loadClass('App\\Controllers\\UpdateRecord')
 4 SYSTEMPATH\CodeIgniter.php(900): class_exists('\\App\\Controllers\\UpdateRecord', true)
 5 SYSTEMPATH\CodeIgniter.php(489): CodeIgniter\CodeIgniter->startController()
 6 SYSTEMPATH\CodeIgniter.php(361): CodeIgniter\CodeIgniter->handleRequest(null, Object(Config\Cache), false)
 7 FCPATH\index.php(79): CodeIgniter\CodeIgniter->run()
CRITICAL - 2024-03-14 07:51:18 --> syntax error, unexpected token ":"
in APPPATH\Controllers\UpdateRecord.php on line 630.
 1 SYSTEMPATH\Autoloader\Autoloader.php(291): CodeIgniter\Autoloader\Autoloader->includeFile('C:\\xampp\\htdocs\\2024\\cmc\\app\\Controllers\\UpdateRecord.php')
 2 SYSTEMPATH\Autoloader\Autoloader.php(269): CodeIgniter\Autoloader\Autoloader->loadInNamespace('App\\Controllers\\UpdateRecord')
 3 [internal function]: CodeIgniter\Autoloader\Autoloader->loadClass('App\\Controllers\\UpdateRecord')
 4 SYSTEMPATH\CodeIgniter.php(900): class_exists('\\App\\Controllers\\UpdateRecord', true)
 5 SYSTEMPATH\CodeIgniter.php(489): CodeIgniter\CodeIgniter->startController()
 6 SYSTEMPATH\CodeIgniter.php(361): CodeIgniter\CodeIgniter->handleRequest(null, Object(Config\Cache), false)
 7 FCPATH\index.php(79): CodeIgniter\CodeIgniter->run()
CRITICAL - 2024-03-14 07:51:18 --> syntax error, unexpected token ":"
in APPPATH\Controllers\UpdateRecord.php on line 630.
 1 SYSTEMPATH\Autoloader\Autoloader.php(291): CodeIgniter\Autoloader\Autoloader->includeFile('C:\\xampp\\htdocs\\2024\\cmc\\app\\Controllers\\UpdateRecord.php')
 2 SYSTEMPATH\Autoloader\Autoloader.php(269): CodeIgniter\Autoloader\Autoloader->loadInNamespace('App\\Controllers\\UpdateRecord')
 3 [internal function]: CodeIgniter\Autoloader\Autoloader->loadClass('App\\Controllers\\UpdateRecord')
 4 SYSTEMPATH\CodeIgniter.php(900): class_exists('\\App\\Controllers\\UpdateRecord', true)
 5 SYSTEMPATH\CodeIgniter.php(489): CodeIgniter\CodeIgniter->startController()
 6 SYSTEMPATH\CodeIgniter.php(361): CodeIgniter\CodeIgniter->handleRequest(null, Object(Config\Cache), false)
 7 FCPATH\index.php(79): CodeIgniter\CodeIgniter->run()
CRITICAL - 2024-03-14 07:51:18 --> syntax error, unexpected token ":"
in APPPATH\Controllers\UpdateRecord.php on line 630.
 1 SYSTEMPATH\Autoloader\Autoloader.php(291): CodeIgniter\Autoloader\Autoloader->includeFile('C:\\xampp\\htdocs\\2024\\cmc\\app\\Controllers\\UpdateRecord.php')
 2 SYSTEMPATH\Autoloader\Autoloader.php(269): CodeIgniter\Autoloader\Autoloader->loadInNamespace('App\\Controllers\\UpdateRecord')
 3 [internal function]: CodeIgniter\Autoloader\Autoloader->loadClass('App\\Controllers\\UpdateRecord')
 4 SYSTEMPATH\CodeIgniter.php(900): class_exists('\\App\\Controllers\\UpdateRecord', true)
 5 SYSTEMPATH\CodeIgniter.php(489): CodeIgniter\CodeIgniter->startController()
 6 SYSTEMPATH\CodeIgniter.php(361): CodeIgniter\CodeIgniter->handleRequest(null, Object(Config\Cache), false)
 7 FCPATH\index.php(79): CodeIgniter\CodeIgniter->run()
CRITICAL - 2024-03-14 07:51:19 --> syntax error, unexpected token ":"
in APPPATH\Controllers\UpdateRecord.php on line 630.
 1 SYSTEMPATH\Autoloader\Autoloader.php(291): CodeIgniter\Autoloader\Autoloader->includeFile('C:\\xampp\\htdocs\\2024\\cmc\\app\\Controllers\\UpdateRecord.php')
 2 SYSTEMPATH\Autoloader\Autoloader.php(269): CodeIgniter\Autoloader\Autoloader->loadInNamespace('App\\Controllers\\UpdateRecord')
 3 [internal function]: CodeIgniter\Autoloader\Autoloader->loadClass('App\\Controllers\\UpdateRecord')
 4 SYSTEMPATH\CodeIgniter.php(900): class_exists('\\App\\Controllers\\UpdateRecord', true)
 5 SYSTEMPATH\CodeIgniter.php(489): CodeIgniter\CodeIgniter->startController()
 6 SYSTEMPATH\CodeIgniter.php(361): CodeIgniter\CodeIgniter->handleRequest(null, Object(Config\Cache), false)
 7 FCPATH\index.php(79): CodeIgniter\CodeIgniter->run()
CRITICAL - 2024-03-14 07:51:53 --> syntax error, unexpected token ":"
in APPPATH\Controllers\UpdateRecord.php on line 630.
 1 SYSTEMPATH\Autoloader\Autoloader.php(291): CodeIgniter\Autoloader\Autoloader->includeFile('C:\\xampp\\htdocs\\2024\\cmc\\app\\Controllers\\UpdateRecord.php')
 2 SYSTEMPATH\Autoloader\Autoloader.php(269): CodeIgniter\Autoloader\Autoloader->loadInNamespace('App\\Controllers\\UpdateRecord')
 3 [internal function]: CodeIgniter\Autoloader\Autoloader->loadClass('App\\Controllers\\UpdateRecord')
 4 SYSTEMPATH\CodeIgniter.php(900): class_exists('\\App\\Controllers\\UpdateRecord', true)
 5 SYSTEMPATH\CodeIgniter.php(489): CodeIgniter\CodeIgniter->startController()
 6 SYSTEMPATH\CodeIgniter.php(361): CodeIgniter\CodeIgniter->handleRequest(null, Object(Config\Cache), false)
 7 FCPATH\index.php(79): CodeIgniter\CodeIgniter->run()
CRITICAL - 2024-03-14 07:51:54 --> syntax error, unexpected token ":"
in APPPATH\Controllers\UpdateRecord.php on line 630.
 1 SYSTEMPATH\Autoloader\Autoloader.php(291): CodeIgniter\Autoloader\Autoloader->includeFile('C:\\xampp\\htdocs\\2024\\cmc\\app\\Controllers\\UpdateRecord.php')
 2 SYSTEMPATH\Autoloader\Autoloader.php(269): CodeIgniter\Autoloader\Autoloader->loadInNamespace('App\\Controllers\\UpdateRecord')
 3 [internal function]: CodeIgniter\Autoloader\Autoloader->loadClass('App\\Controllers\\UpdateRecord')
 4 SYSTEMPATH\CodeIgniter.php(900): class_exists('\\App\\Controllers\\UpdateRecord', true)
 5 SYSTEMPATH\CodeIgniter.php(489): CodeIgniter\CodeIgniter->startController()
 6 SYSTEMPATH\CodeIgniter.php(361): CodeIgniter\CodeIgniter->handleRequest(null, Object(Config\Cache), false)
 7 FCPATH\index.php(79): CodeIgniter\CodeIgniter->run()
CRITICAL - 2024-03-14 07:51:59 --> syntax error, unexpected variable "$vx"
in APPPATH\Controllers\UpdateRecord.php on line 657.
 1 SYSTEMPATH\Autoloader\Autoloader.php(291): CodeIgniter\Autoloader\Autoloader->includeFile('C:\\xampp\\htdocs\\2024\\cmc\\app\\Controllers\\UpdateRecord.php')
 2 SYSTEMPATH\Autoloader\Autoloader.php(269): CodeIgniter\Autoloader\Autoloader->loadInNamespace('App\\Controllers\\UpdateRecord')
 3 [internal function]: CodeIgniter\Autoloader\Autoloader->loadClass('App\\Controllers\\UpdateRecord')
 4 SYSTEMPATH\CodeIgniter.php(900): class_exists('\\App\\Controllers\\UpdateRecord', true)
 5 SYSTEMPATH\CodeIgniter.php(489): CodeIgniter\CodeIgniter->startController()
 6 SYSTEMPATH\CodeIgniter.php(361): CodeIgniter\CodeIgniter->handleRequest(null, Object(Config\Cache), false)
 7 FCPATH\index.php(79): CodeIgniter\CodeIgniter->run()
CRITICAL - 2024-03-14 07:52:00 --> syntax error, unexpected variable "$vx"
in APPPATH\Controllers\UpdateRecord.php on line 657.
 1 SYSTEMPATH\Autoloader\Autoloader.php(291): CodeIgniter\Autoloader\Autoloader->includeFile('C:\\xampp\\htdocs\\2024\\cmc\\app\\Controllers\\UpdateRecord.php')
 2 SYSTEMPATH\Autoloader\Autoloader.php(269): CodeIgniter\Autoloader\Autoloader->loadInNamespace('App\\Controllers\\UpdateRecord')
 3 [internal function]: CodeIgniter\Autoloader\Autoloader->loadClass('App\\Controllers\\UpdateRecord')
 4 SYSTEMPATH\CodeIgniter.php(900): class_exists('\\App\\Controllers\\UpdateRecord', true)
 5 SYSTEMPATH\CodeIgniter.php(489): CodeIgniter\CodeIgniter->startController()
 6 SYSTEMPATH\CodeIgniter.php(361): CodeIgniter\CodeIgniter->handleRequest(null, Object(Config\Cache), false)
 7 FCPATH\index.php(79): CodeIgniter\CodeIgniter->run()
CRITICAL - 2024-03-14 07:52:00 --> syntax error, unexpected variable "$vx"
in APPPATH\Controllers\UpdateRecord.php on line 657.
 1 SYSTEMPATH\Autoloader\Autoloader.php(291): CodeIgniter\Autoloader\Autoloader->includeFile('C:\\xampp\\htdocs\\2024\\cmc\\app\\Controllers\\UpdateRecord.php')
 2 SYSTEMPATH\Autoloader\Autoloader.php(269): CodeIgniter\Autoloader\Autoloader->loadInNamespace('App\\Controllers\\UpdateRecord')
 3 [internal function]: CodeIgniter\Autoloader\Autoloader->loadClass('App\\Controllers\\UpdateRecord')
 4 SYSTEMPATH\CodeIgniter.php(900): class_exists('\\App\\Controllers\\UpdateRecord', true)
 5 SYSTEMPATH\CodeIgniter.php(489): CodeIgniter\CodeIgniter->startController()
 6 SYSTEMPATH\CodeIgniter.php(361): CodeIgniter\CodeIgniter->handleRequest(null, Object(Config\Cache), false)
 7 FCPATH\index.php(79): CodeIgniter\CodeIgniter->run()
CRITICAL - 2024-03-14 07:52:00 --> syntax error, unexpected variable "$vx"
in APPPATH\Controllers\UpdateRecord.php on line 657.
 1 SYSTEMPATH\Autoloader\Autoloader.php(291): CodeIgniter\Autoloader\Autoloader->includeFile('C:\\xampp\\htdocs\\2024\\cmc\\app\\Controllers\\UpdateRecord.php')
 2 SYSTEMPATH\Autoloader\Autoloader.php(269): CodeIgniter\Autoloader\Autoloader->loadInNamespace('App\\Controllers\\UpdateRecord')
 3 [internal function]: CodeIgniter\Autoloader\Autoloader->loadClass('App\\Controllers\\UpdateRecord')
 4 SYSTEMPATH\CodeIgniter.php(900): class_exists('\\App\\Controllers\\UpdateRecord', true)
 5 SYSTEMPATH\CodeIgniter.php(489): CodeIgniter\CodeIgniter->startController()
 6 SYSTEMPATH\CodeIgniter.php(361): CodeIgniter\CodeIgniter->handleRequest(null, Object(Config\Cache), false)
 7 FCPATH\index.php(79): CodeIgniter\CodeIgniter->run()
CRITICAL - 2024-03-14 07:52:00 --> syntax error, unexpected variable "$vx"
in APPPATH\Controllers\UpdateRecord.php on line 657.
 1 SYSTEMPATH\Autoloader\Autoloader.php(291): CodeIgniter\Autoloader\Autoloader->includeFile('C:\\xampp\\htdocs\\2024\\cmc\\app\\Controllers\\UpdateRecord.php')
 2 SYSTEMPATH\Autoloader\Autoloader.php(269): CodeIgniter\Autoloader\Autoloader->loadInNamespace('App\\Controllers\\UpdateRecord')
 3 [internal function]: CodeIgniter\Autoloader\Autoloader->loadClass('App\\Controllers\\UpdateRecord')
 4 SYSTEMPATH\CodeIgniter.php(900): class_exists('\\App\\Controllers\\UpdateRecord', true)
 5 SYSTEMPATH\CodeIgniter.php(489): CodeIgniter\CodeIgniter->startController()
 6 SYSTEMPATH\CodeIgniter.php(361): CodeIgniter\CodeIgniter->handleRequest(null, Object(Config\Cache), false)
 7 FCPATH\index.php(79): CodeIgniter\CodeIgniter->run()
CRITICAL - 2024-03-14 07:53:09 --> syntax error, unexpected variable "$vx"
in APPPATH\Controllers\UpdateRecord.php on line 657.
 1 SYSTEMPATH\Autoloader\Autoloader.php(291): CodeIgniter\Autoloader\Autoloader->includeFile('C:\\xampp\\htdocs\\2024\\cmc\\app\\Controllers\\UpdateRecord.php')
 2 SYSTEMPATH\Autoloader\Autoloader.php(269): CodeIgniter\Autoloader\Autoloader->loadInNamespace('App\\Controllers\\UpdateRecord')
 3 [internal function]: CodeIgniter\Autoloader\Autoloader->loadClass('App\\Controllers\\UpdateRecord')
 4 SYSTEMPATH\CodeIgniter.php(900): class_exists('\\App\\Controllers\\UpdateRecord', true)
 5 SYSTEMPATH\CodeIgniter.php(489): CodeIgniter\CodeIgniter->startController()
 6 SYSTEMPATH\CodeIgniter.php(361): CodeIgniter\CodeIgniter->handleRequest(null, Object(Config\Cache), false)
 7 FCPATH\index.php(79): CodeIgniter\CodeIgniter->run()
INFO - 2024-03-14 07:54:16 --> Session: Class initialized using 'CodeIgniter\Session\Handlers\FileHandler' driver.
CRITICAL - 2024-03-14 07:54:16 --> Call to undefined method CodeIgniter\Session\Session::set_userdata()
in APPPATH\Controllers\UpdateRecord.php on line 670.
 1 SYSTEMPATH\CodeIgniter.php(942): App\Controllers\UpdateRecord->setPi('9647890417')
 2 SYSTEMPATH\CodeIgniter.php(502): CodeIgniter\CodeIgniter->runController(Object(App\Controllers\UpdateRecord))
 3 SYSTEMPATH\CodeIgniter.php(361): CodeIgniter\CodeIgniter->handleRequest(null, Object(Config\Cache), false)
 4 FCPATH\index.php(79): CodeIgniter\CodeIgniter->run()
INFO - 2024-03-14 07:55:09 --> Session: Class initialized using 'CodeIgniter\Session\Handlers\FileHandler' driver.
INFO - 2024-03-14 07:55:10 --> Session: Class initialized using 'CodeIgniter\Session\Handlers\FileHandler' driver.
CRITICAL - 2024-03-14 09:07:27 --> Undefined array key "cmc_document_date"
in APPPATH\Controllers\Record.php on line 383.
 1 APPPATH\Controllers\Record.php(383): CodeIgniter\Debug\Exceptions->errorHandler(2, 'Undefined array key "cmc_document_date"', 'C:\\xampp\\htdocs\\2024\\cmc\\app\\Controllers\\Record.php', 383)
 2 SYSTEMPATH\CodeIgniter.php(942): App\Controllers\Record->recordSave()
 3 SYSTEMPATH\CodeIgniter.php(502): CodeIgniter\CodeIgniter->runController(Object(App\Controllers\Record))
 4 SYSTEMPATH\CodeIgniter.php(361): CodeIgniter\CodeIgniter->handleRequest(null, Object(Config\Cache), false)
 5 FCPATH\index.php(79): CodeIgniter\CodeIgniter->run()
