CRITICAL - 2024-08-06 05:52:32 --> Out of memory (allocated 20971520) (tried to allocate 831488 bytes)
in APPPATH\Controllers\UpdateRecord.php on line 105.
 1 [internal function]: CodeIgniter\Debug\Exceptions->shutdownHandler()
CRITICAL - 2024-08-06 05:53:37 --> Out of memory (allocated 10485760) (tried to allocate 4096 bytes)
in SYSTEMPATH\Database\MySQLi\Result.php on line 138.
 1 [internal function]: CodeIgniter\Debug\Exceptions->shutdownHandler()
CRITICAL - 2024-08-06 05:53:43 --> Out of memory (allocated 10485760) (tried to allocate 4096 bytes)
in SYSTEMPATH\Database\MySQLi\Result.php on line 138.
 1 [internal function]: CodeIgniter\Debug\Exceptions->shutdownHandler()
CRITICAL - 2024-08-06 06:22:52 --> Out of memory (allocated 12582912) (tried to allocate 69632 bytes)
in SYSTEMPATH\Common.php on line 428.
 1 [internal function]: CodeIgniter\Debug\Exceptions->shutdownHandler()
CRITICAL - 2024-08-06 06:24:56 --> Out of memory (allocated 20971520) (tried to allocate 839680 bytes)
in APPPATH\Controllers\UpdateRecord.php on line 105.
 1 [internal function]: CodeIgniter\Debug\Exceptions->shutdownHandler()
CRITICAL - 2024-08-06 06:25:21 --> Out of memory (allocated 20971520) (tried to allocate 839680 bytes)
in APPPATH\Controllers\UpdateRecord.php on line 105.
 1 [internal function]: CodeIgniter\Debug\Exceptions->shutdownHandler()
CRITICAL - 2024-08-06 06:27:38 --> Out of memory (allocated 18874368) (tried to allocate 69632 bytes)
in SYSTEMPATH\Common.php on line 428.
 1 [internal function]: CodeIgniter\Debug\Exceptions->shutdownHandler()
CRITICAL - 2024-08-06 06:31:03 --> Out of memory (allocated 12582912) (tried to allocate 69632 bytes)
in SYSTEMPATH\Common.php on line 428.
 1 [internal function]: CodeIgniter\Debug\Exceptions->shutdownHandler()
CRITICAL - 2024-08-06 06:33:06 --> Out of memory (allocated 12582912) (tried to allocate 69632 bytes)
in SYSTEMPATH\Common.php on line 428.
 1 [internal function]: CodeIgniter\Debug\Exceptions->shutdownHandler()
CRITICAL - 2024-08-06 06:34:01 --> Out of memory (allocated 8388608) (tried to allocate 4096 bytes)
in SYSTEMPATH\Database\MySQLi\Result.php on line 138.
 1 [internal function]: CodeIgniter\Debug\Exceptions->shutdownHandler()
CRITICAL - 2024-08-06 06:34:03 --> Out of memory (allocated 8388608) (tried to allocate 8192 bytes)
in SYSTEMPATH\Database\MySQLi\Result.php on line 138.
 1 [internal function]: CodeIgniter\Debug\Exceptions->shutdownHandler()
CRITICAL - 2024-08-06 06:34:12 --> Out of memory (allocated 18874368) (tried to allocate 69632 bytes)
in SYSTEMPATH\Common.php on line 428.
 1 [internal function]: CodeIgniter\Debug\Exceptions->shutdownHandler()
CRITICAL - 2024-08-06 06:35:03 --> Out of memory (allocated 18874368) (tried to allocate 69632 bytes)
in SYSTEMPATH\Common.php on line 428.
 1 [internal function]: CodeIgniter\Debug\Exceptions->shutdownHandler()
CRITICAL - 2024-08-06 06:52:43 --> Out of memory (allocated 6291456) (tried to allocate 32768 bytes)
in SYSTEMPATH\Database\BaseBuilder.php on line 1911.
 1 [internal function]: CodeIgniter\Debug\Exceptions->shutdownHandler()
CRITICAL - 2024-08-06 06:52:48 --> Out of memory (allocated 6291456) (tried to allocate 102400 bytes)
in SYSTEMPATH\Autoloader\Autoloader.php on line 312.
 1 [internal function]: CodeIgniter\Debug\Exceptions->shutdownHandler()
CRITICAL - 2024-08-06 07:08:41 --> Out of memory (allocated 20971520) (tried to allocate 835584 bytes)
in SYSTEMPATH\View\View.php on line 230.
 1 [internal function]: CodeIgniter\Debug\Exceptions->shutdownHandler()
CRITICAL - 2024-08-06 07:54:34 --> Out of memory (allocated 10485760) (tried to allocate 8192 bytes)
in SYSTEMPATH\Common.php on line 428.
 1 [internal function]: CodeIgniter\Debug\Exceptions->shutdownHandler()
CRITICAL - 2024-08-06 07:55:02 --> Out of memory (allocated 8388608) (tried to allocate 8192 bytes)
in SYSTEMPATH\Database\MySQLi\Result.php on line 138.
 1 [internal function]: CodeIgniter\Debug\Exceptions->shutdownHandler()
CRITICAL - 2024-08-06 07:55:53 --> Out of memory (allocated 8388608) (tried to allocate 8192 bytes)
in SYSTEMPATH\Database\MySQLi\Result.php on line 138.
 1 [internal function]: CodeIgniter\Debug\Exceptions->shutdownHandler()
CRITICAL - 2024-08-06 12:17:28 --> Undefined array key "cmc_document_date"
in APPPATH\Controllers\Record.php on line 389.
 1 APPPATH\Controllers\Record.php(389): CodeIgniter\Debug\Exceptions->errorHandler(2, 'Undefined array key "cmc_document_date"', 'C:\\xampp\\htdocs\\2024\\cmc\\app\\Controllers\\Record.php', 389)
 2 SYSTEMPATH\CodeIgniter.php(942): App\Controllers\Record->recordSave()
 3 SYSTEMPATH\CodeIgniter.php(502): CodeIgniter\CodeIgniter->runController(Object(App\Controllers\Record))
 4 SYSTEMPATH\CodeIgniter.php(361): CodeIgniter\CodeIgniter->handleRequest(null, Object(Config\Cache), false)
 5 FCPATH\index.php(79): CodeIgniter\CodeIgniter->run()
