CRITICAL - 2024-06-08 06:26:25 --> Undefined array key "cmc_document_date"
in APPPATH\Controllers\Record.php on line 389.
 1 APPPATH\Controllers\Record.php(389): CodeIgniter\Debug\Exceptions->errorHandler(2, 'Undefined array key "cmc_document_date"', 'C:\\xampp\\htdocs\\2024\\cmc\\app\\Controllers\\Record.php', 389)
 2 SYSTEMPATH\CodeIgniter.php(942): App\Controllers\Record->recordSave()
 3 SYSTEMPATH\CodeIgniter.php(502): CodeIgniter\CodeIgniter->runController(Object(App\Controllers\Record))
 4 SYSTEMPATH\CodeIgniter.php(361): CodeIgniter\CodeIgniter->handleRequest(null, Object(Config\Cache), false)
 5 FCPATH\index.php(79): CodeIgniter\CodeIgniter->run()
CRITICAL - 2024-06-08 07:39:36 --> Undefined array key "cmc_document_date"
in APPPATH\Controllers\Record.php on line 389.
 1 APPPATH\Controllers\Record.php(389): CodeIgniter\Debug\Exceptions->errorHandler(2, 'Undefined array key "cmc_document_date"', 'C:\\xampp\\htdocs\\2024\\cmc\\app\\Controllers\\Record.php', 389)
 2 SYSTEMPATH\CodeIgniter.php(942): App\Controllers\Record->recordSave()
 3 SYSTEMPATH\CodeIgniter.php(502): CodeIgniter\CodeIgniter->runController(Object(App\Controllers\Record))
 4 SYSTEMPATH\CodeIgniter.php(361): CodeIgniter\CodeIgniter->handleRequest(null, Object(Config\Cache), false)
 5 FCPATH\index.php(79): CodeIgniter\CodeIgniter->run()
CRITICAL - 2024-06-08 14:15:38 --> Undefined array key "cmc_document_date"
in APPPATH\Controllers\Record.php on line 389.
 1 APPPATH\Controllers\Record.php(389): CodeIgniter\Debug\Exceptions->errorHandler(2, 'Undefined array key "cmc_document_date"', 'C:\\xampp\\htdocs\\2024\\cmc\\app\\Controllers\\Record.php', 389)
 2 SYSTEMPATH\CodeIgniter.php(942): App\Controllers\Record->recordSave()
 3 SYSTEMPATH\CodeIgniter.php(502): CodeIgniter\CodeIgniter->runController(Object(App\Controllers\Record))
 4 SYSTEMPATH\CodeIgniter.php(361): CodeIgniter\CodeIgniter->handleRequest(null, Object(Config\Cache), false)
 5 FCPATH\index.php(79): CodeIgniter\CodeIgniter->run()
CRITICAL - 2024-06-08 14:16:15 --> Undefined array key "cmc_document_date"
in APPPATH\Controllers\Record.php on line 389.
 1 APPPATH\Controllers\Record.php(389): CodeIgniter\Debug\Exceptions->errorHandler(2, 'Undefined array key "cmc_document_date"', 'C:\\xampp\\htdocs\\2024\\cmc\\app\\Controllers\\Record.php', 389)
 2 SYSTEMPATH\CodeIgniter.php(942): App\Controllers\Record->recordSave()
 3 SYSTEMPATH\CodeIgniter.php(502): CodeIgniter\CodeIgniter->runController(Object(App\Controllers\Record))
 4 SYSTEMPATH\CodeIgniter.php(361): CodeIgniter\CodeIgniter->handleRequest(null, Object(Config\Cache), false)
 5 FCPATH\index.php(79): CodeIgniter\CodeIgniter->run()
CRITICAL - 2024-06-08 14:19:16 --> Undefined array key "cmc_document_date"
in APPPATH\Controllers\Record.php on line 389.
 1 APPPATH\Controllers\Record.php(389): CodeIgniter\Debug\Exceptions->errorHandler(2, 'Undefined array key "cmc_document_date"', 'C:\\xampp\\htdocs\\2024\\cmc\\app\\Controllers\\Record.php', 389)
 2 SYSTEMPATH\CodeIgniter.php(942): App\Controllers\Record->recordSave()
 3 SYSTEMPATH\CodeIgniter.php(502): CodeIgniter\CodeIgniter->runController(Object(App\Controllers\Record))
 4 SYSTEMPATH\CodeIgniter.php(361): CodeIgniter\CodeIgniter->handleRequest(null, Object(Config\Cache), false)
 5 FCPATH\index.php(79): CodeIgniter\CodeIgniter->run()
CRITICAL - 2024-06-08 14:31:19 --> Undefined array key "cmc_document_date"
in APPPATH\Controllers\Record.php on line 389.
 1 APPPATH\Controllers\Record.php(389): CodeIgniter\Debug\Exceptions->errorHandler(2, 'Undefined array key "cmc_document_date"', 'C:\\xampp\\htdocs\\2024\\cmc\\app\\Controllers\\Record.php', 389)
 2 SYSTEMPATH\CodeIgniter.php(942): App\Controllers\Record->recordSave()
 3 SYSTEMPATH\CodeIgniter.php(502): CodeIgniter\CodeIgniter->runController(Object(App\Controllers\Record))
 4 SYSTEMPATH\CodeIgniter.php(361): CodeIgniter\CodeIgniter->handleRequest(null, Object(Config\Cache), false)
 5 FCPATH\index.php(79): CodeIgniter\CodeIgniter->run()
CRITICAL - 2024-06-08 14:50:13 --> Undefined array key "cmc_document_date"
in APPPATH\Controllers\Record.php on line 389.
 1 APPPATH\Controllers\Record.php(389): CodeIgniter\Debug\Exceptions->errorHandler(2, 'Undefined array key "cmc_document_date"', 'C:\\xampp\\htdocs\\2024\\cmc\\app\\Controllers\\Record.php', 389)
 2 SYSTEMPATH\CodeIgniter.php(942): App\Controllers\Record->recordSave()
 3 SYSTEMPATH\CodeIgniter.php(502): CodeIgniter\CodeIgniter->runController(Object(App\Controllers\Record))
 4 SYSTEMPATH\CodeIgniter.php(361): CodeIgniter\CodeIgniter->handleRequest(null, Object(Config\Cache), false)
 5 FCPATH\index.php(79): CodeIgniter\CodeIgniter->run()
CRITICAL - 2024-06-08 15:01:08 --> Undefined array key "cmc_document_date"
in APPPATH\Controllers\Record.php on line 389.
 1 APPPATH\Controllers\Record.php(389): CodeIgniter\Debug\Exceptions->errorHandler(2, 'Undefined array key "cmc_document_date"', 'C:\\xampp\\htdocs\\2024\\cmc\\app\\Controllers\\Record.php', 389)
 2 SYSTEMPATH\CodeIgniter.php(942): App\Controllers\Record->recordSave()
 3 SYSTEMPATH\CodeIgniter.php(502): CodeIgniter\CodeIgniter->runController(Object(App\Controllers\Record))
 4 SYSTEMPATH\CodeIgniter.php(361): CodeIgniter\CodeIgniter->handleRequest(null, Object(Config\Cache), false)
 5 FCPATH\index.php(79): CodeIgniter\CodeIgniter->run()
