ERROR - 2024-07-15 00:22:24 --> mysqli_sql_exception: Unknown column 'cmc_document_case_type' in 'where clause' in C:\xampp\htdocs\2024\cmc\system\Database\MySQLi\Connection.php:306
Stack trace:
#0 C:\xampp\htdocs\2024\cmc\system\Database\MySQLi\Connection.php(306): mysqli->query('SELECT * FROM `...', 0)
#1 C:\xampp\htdocs\2024\cmc\system\Database\BaseConnection.php(693): CodeIgniter\Database\MySQLi\Connection->execute('SELECT * FROM `...')
#2 C:\xampp\htdocs\2024\cmc\system\Database\BaseConnection.php(607): CodeIgniter\Database\BaseConnection->simpleQuery('SELECT * FROM `...')
#3 C:\xampp\htdocs\2024\cmc\app\Models\CustomModel.php(15): CodeIgniter\Database\BaseConnection->query('SELECT * FROM `...')
#4 C:\xampp\htdocs\2024\cmc\app\Controllers\SearchRecord.php(696): App\Models\CustomModel->executeQuery('SELECT * FROM `...')
#5 C:\xampp\htdocs\2024\cmc\system\CodeIgniter.php(942): App\Controllers\SearchRecord->printCustomizeReport()
#6 C:\xampp\htdocs\2024\cmc\system\CodeIgniter.php(502): CodeIgniter\CodeIgniter->runController(Object(App\Controllers\SearchRecord))
#7 C:\xampp\htdocs\2024\cmc\system\CodeIgniter.php(361): CodeIgniter\CodeIgniter->handleRequest(NULL, Object(Config\Cache), false)
#8 C:\xampp\htdocs\2024\cmc\index.php(79): CodeIgniter\CodeIgniter->run()
#9 {main}
CRITICAL - 2024-07-15 00:22:24 --> Unknown column 'cmc_document_case_type' in 'where clause'
in SYSTEMPATH\Database\BaseConnection.php on line 647.
 1 APPPATH\Models\CustomModel.php(15): CodeIgniter\Database\BaseConnection->query('SELECT * FROM `cmc_document` 
			        LEFT JOIN `cmc_lea` 
			        ON `cmc_document`.`cmc_document_proposingLea` = `cmc_lea`.`cmc_leaId` 
			        LEFT JOIN `cmc_service_provider` 
			        ON  `cmc_service_provider`.`cmc_serviceProviderId` = `cmc_document`.`cmc_document_serviceProvider` 
			        LEFT JOIN `cmc_target_type` 
			        ON  `cmc_target_type`.`cmc_targetTypeId` = `cmc_document`.`cmc_document_caseType` 
			        WHERE `cmc_document_status` = \'1\' 
			        AND `cmc_document_type` != \'R\'  AND `cmc_document_date` BETWEEN \'2024-07-15\' AND  \'2024-07-15\'   AND `cmc_document_interceptionType` =\'EMERGENT\'   AND `cmc_document_case_type` =\'C\'   ORDER BY `cmc_document_hsMemoNo`,`cmc_document_id` DESC')
 2 APPPATH\Controllers\SearchRecord.php(696): App\Models\CustomModel->executeQuery('SELECT * FROM `cmc_document` 
			        LEFT JOIN `cmc_lea` 
			        ON `cmc_document`.`cmc_document_proposingLea` = `cmc_lea`.`cmc_leaId` 
			        LEFT JOIN `cmc_service_provider` 
			        ON  `cmc_service_provider`.`cmc_serviceProviderId` = `cmc_document`.`cmc_document_serviceProvider` 
			        LEFT JOIN `cmc_target_type` 
			        ON  `cmc_target_type`.`cmc_targetTypeId` = `cmc_document`.`cmc_document_caseType` 
			        WHERE `cmc_document_status` = \'1\' 
			        AND `cmc_document_type` != \'R\'  AND `cmc_document_date` BETWEEN \'2024-07-15\' AND  \'2024-07-15\'   AND `cmc_document_interceptionType` =\'EMERGENT\'   AND `cmc_document_case_type` =\'C\'   ORDER BY `cmc_document_hsMemoNo`,`cmc_document_id` DESC')
 3 SYSTEMPATH\CodeIgniter.php(942): App\Controllers\SearchRecord->printCustomizeReport()
 4 SYSTEMPATH\CodeIgniter.php(502): CodeIgniter\CodeIgniter->runController(Object(App\Controllers\SearchRecord))
 5 SYSTEMPATH\CodeIgniter.php(361): CodeIgniter\CodeIgniter->handleRequest(null, Object(Config\Cache), false)
 6 FCPATH\index.php(79): CodeIgniter\CodeIgniter->run()
CRITICAL - 2024-07-15 06:47:17 --> Cannot use Psr\Log\LoggerInterface as LoggerInterface because the name is already in use
in APPPATH\Controllers\BaseController.php on line 11.
 1 [internal function]: CodeIgniter\Debug\Exceptions->shutdownHandler()
CRITICAL - 2024-07-15 06:47:25 --> Cannot use Psr\Log\LoggerInterface as LoggerInterface because the name is already in use
in APPPATH\Controllers\BaseController.php on line 11.
 1 [internal function]: CodeIgniter\Debug\Exceptions->shutdownHandler()
CRITICAL - 2024-07-15 06:47:30 --> Cannot use Psr\Log\LoggerInterface as LoggerInterface because the name is already in use
in APPPATH\Controllers\BaseController.php on line 11.
 1 [internal function]: CodeIgniter\Debug\Exceptions->shutdownHandler()
CRITICAL - 2024-07-15 06:47:53 --> Cannot use Psr\Log\LoggerInterface as LoggerInterface because the name is already in use
in APPPATH\Controllers\BaseController.php on line 11.
 1 [internal function]: CodeIgniter\Debug\Exceptions->shutdownHandler()
CRITICAL - 2024-07-15 06:48:14 --> Cannot use Psr\Log\LoggerInterface as LoggerInterface because the name is already in use
in APPPATH\Controllers\BaseController.php on line 11.
 1 [internal function]: CodeIgniter\Debug\Exceptions->shutdownHandler()
CRITICAL - 2024-07-15 06:49:32 --> Cannot use Psr\Log\LoggerInterface as LoggerInterface because the name is already in use
in APPPATH\Controllers\BaseController.php on line 11.
 1 [internal function]: CodeIgniter\Debug\Exceptions->shutdownHandler()
CRITICAL - 2024-07-15 06:49:51 --> Class "App\Models\RetainModel" not found
in APPPATH\Controllers\BaseController.php on line 84.
 1 SYSTEMPATH\CodeIgniter.php(915): App\Controllers\BaseController->initController(Object(CodeIgniter\HTTP\IncomingRequest), Object(CodeIgniter\HTTP\Response), Object(CodeIgniter\Log\Logger))
 2 SYSTEMPATH\CodeIgniter.php(493): CodeIgniter\CodeIgniter->createController()
 3 SYSTEMPATH\CodeIgniter.php(361): CodeIgniter\CodeIgniter->handleRequest(null, Object(Config\Cache), false)
 4 FCPATH\index.php(79): CodeIgniter\CodeIgniter->run()
INFO - 2024-07-15 06:50:17 --> Session: Class initialized using 'CodeIgniter\Session\Handlers\FileHandler' driver.
INFO - 2024-07-15 06:50:17 --> Session: Class initialized using 'CodeIgniter\Session\Handlers\FileHandler' driver.
