CRITICAL - 2024-03-12 11:29:35 --> Call to undefined method CodeIgniter\Session\Session::set_userdata()
in APPPATH\Controllers\UpdateRecord.php on line 663.
 1 SYSTEMPATH\CodeIgniter.php(942): App\Controllers\UpdateRecord->setPi('8389988728')
 2 SYSTEMPATH\CodeIgniter.php(502): CodeIgniter\CodeIgniter->runController(Object(App\Controllers\UpdateRecord))
 3 SYSTEMPATH\CodeIgniter.php(361): CodeIgniter\CodeIgniter->handleRequest(null, Object(Config\Cache), false)
 4 FCPATH\index.php(79): CodeIgniter\CodeIgniter->run()
CRITICAL - 2024-03-12 11:33:43 --> Call to undefined method CodeIgniter\Session\Session::set_userdata()
in APPPATH\Controllers\UpdateRecord.php on line 663.
 1 SYSTEMPATH\CodeIgniter.php(942): App\Controllers\UpdateRecord->setPi('8389988728')
 2 SYSTEMPATH\CodeIgniter.php(502): CodeIgniter\CodeIgniter->runController(Object(App\Controllers\UpdateRecord))
 3 SYSTEMPATH\CodeIgniter.php(361): CodeIgniter\CodeIgniter->handleRequest(null, Object(Config\Cache), false)
 4 FCPATH\index.php(79): CodeIgniter\CodeIgniter->run()
CRITICAL - 2024-03-12 11:36:58 --> Call to undefined method CodeIgniter\Session\Session::set_userdata()
in APPPATH\Controllers\UpdateRecord.php on line 663.
 1 SYSTEMPATH\CodeIgniter.php(942): App\Controllers\UpdateRecord->setPi('8389988728')
 2 SYSTEMPATH\CodeIgniter.php(502): CodeIgniter\CodeIgniter->runController(Object(App\Controllers\UpdateRecord))
 3 SYSTEMPATH\CodeIgniter.php(361): CodeIgniter\CodeIgniter->handleRequest(null, Object(Config\Cache), false)
 4 FCPATH\index.php(79): CodeIgniter\CodeIgniter->run()
CRITICAL - 2024-03-12 11:37:53 --> Call to undefined method CodeIgniter\Session\Session::set_userdata()
in APPPATH\Controllers\UpdateRecord.php on line 663.
 1 SYSTEMPATH\CodeIgniter.php(942): App\Controllers\UpdateRecord->setPi('8389988728')
 2 SYSTEMPATH\CodeIgniter.php(502): CodeIgniter\CodeIgniter->runController(Object(App\Controllers\UpdateRecord))
 3 SYSTEMPATH\CodeIgniter.php(361): CodeIgniter\CodeIgniter->handleRequest(null, Object(Config\Cache), false)
 4 FCPATH\index.php(79): CodeIgniter\CodeIgniter->run()
CRITICAL - 2024-03-12 11:38:04 --> Call to undefined method CodeIgniter\Session\Session::set_userdata()
in APPPATH\Controllers\UpdateRecord.php on line 663.
 1 SYSTEMPATH\CodeIgniter.php(942): App\Controllers\UpdateRecord->setPi('8389988728')
 2 SYSTEMPATH\CodeIgniter.php(502): CodeIgniter\CodeIgniter->runController(Object(App\Controllers\UpdateRecord))
 3 SYSTEMPATH\CodeIgniter.php(361): CodeIgniter\CodeIgniter->handleRequest(null, Object(Config\Cache), false)
 4 FCPATH\index.php(79): CodeIgniter\CodeIgniter->run()
CRITICAL - 2024-03-12 11:38:22 --> Call to undefined method CodeIgniter\Session\Session::set_userdata()
in APPPATH\Controllers\UpdateRecord.php on line 663.
 1 SYSTEMPATH\CodeIgniter.php(942): App\Controllers\UpdateRecord->setPi('8389988728')
 2 SYSTEMPATH\CodeIgniter.php(502): CodeIgniter\CodeIgniter->runController(Object(App\Controllers\UpdateRecord))
 3 SYSTEMPATH\CodeIgniter.php(361): CodeIgniter\CodeIgniter->handleRequest(null, Object(Config\Cache), false)
 4 FCPATH\index.php(79): CodeIgniter\CodeIgniter->run()
CRITICAL - 2024-03-12 11:39:51 --> syntax error, unexpected token ":"
in APPPATH\Controllers\UpdateRecord.php on line 626.
 1 SYSTEMPATH\Autoloader\Autoloader.php(291): CodeIgniter\Autoloader\Autoloader->includeFile('C:\\xampp\\htdocs\\2024\\cmc\\app\\Controllers\\UpdateRecord.php')
 2 SYSTEMPATH\Autoloader\Autoloader.php(269): CodeIgniter\Autoloader\Autoloader->loadInNamespace('App\\Controllers\\UpdateRecord')
 3 [internal function]: CodeIgniter\Autoloader\Autoloader->loadClass('App\\Controllers\\UpdateRecord')
 4 SYSTEMPATH\CodeIgniter.php(900): class_exists('\\App\\Controllers\\UpdateRecord', true)
 5 SYSTEMPATH\CodeIgniter.php(489): CodeIgniter\CodeIgniter->startController()
 6 SYSTEMPATH\CodeIgniter.php(361): CodeIgniter\CodeIgniter->handleRequest(null, Object(Config\Cache), false)
 7 FCPATH\index.php(79): CodeIgniter\CodeIgniter->run()
CRITICAL - 2024-03-12 11:40:08 --> syntax error, unexpected token ":"
in APPPATH\Controllers\UpdateRecord.php on line 626.
 1 SYSTEMPATH\Autoloader\Autoloader.php(291): CodeIgniter\Autoloader\Autoloader->includeFile('C:\\xampp\\htdocs\\2024\\cmc\\app\\Controllers\\UpdateRecord.php')
 2 SYSTEMPATH\Autoloader\Autoloader.php(269): CodeIgniter\Autoloader\Autoloader->loadInNamespace('App\\Controllers\\UpdateRecord')
 3 [internal function]: CodeIgniter\Autoloader\Autoloader->loadClass('App\\Controllers\\UpdateRecord')
 4 SYSTEMPATH\CodeIgniter.php(900): class_exists('\\App\\Controllers\\UpdateRecord', true)
 5 SYSTEMPATH\CodeIgniter.php(489): CodeIgniter\CodeIgniter->startController()
 6 SYSTEMPATH\CodeIgniter.php(361): CodeIgniter\CodeIgniter->handleRequest(null, Object(Config\Cache), false)
 7 FCPATH\index.php(79): CodeIgniter\CodeIgniter->run()
CRITICAL - 2024-03-12 11:40:10 --> syntax error, unexpected token ":"
in APPPATH\Controllers\UpdateRecord.php on line 626.
 1 SYSTEMPATH\Autoloader\Autoloader.php(291): CodeIgniter\Autoloader\Autoloader->includeFile('C:\\xampp\\htdocs\\2024\\cmc\\app\\Controllers\\UpdateRecord.php')
 2 SYSTEMPATH\Autoloader\Autoloader.php(269): CodeIgniter\Autoloader\Autoloader->loadInNamespace('App\\Controllers\\UpdateRecord')
 3 [internal function]: CodeIgniter\Autoloader\Autoloader->loadClass('App\\Controllers\\UpdateRecord')
 4 SYSTEMPATH\CodeIgniter.php(900): class_exists('\\App\\Controllers\\UpdateRecord', true)
 5 SYSTEMPATH\CodeIgniter.php(489): CodeIgniter\CodeIgniter->startController()
 6 SYSTEMPATH\CodeIgniter.php(361): CodeIgniter\CodeIgniter->handleRequest(null, Object(Config\Cache), false)
 7 FCPATH\index.php(79): CodeIgniter\CodeIgniter->run()
CRITICAL - 2024-03-12 11:40:10 --> syntax error, unexpected token ":"
in APPPATH\Controllers\UpdateRecord.php on line 626.
 1 SYSTEMPATH\Autoloader\Autoloader.php(291): CodeIgniter\Autoloader\Autoloader->includeFile('C:\\xampp\\htdocs\\2024\\cmc\\app\\Controllers\\UpdateRecord.php')
 2 SYSTEMPATH\Autoloader\Autoloader.php(269): CodeIgniter\Autoloader\Autoloader->loadInNamespace('App\\Controllers\\UpdateRecord')
 3 [internal function]: CodeIgniter\Autoloader\Autoloader->loadClass('App\\Controllers\\UpdateRecord')
 4 SYSTEMPATH\CodeIgniter.php(900): class_exists('\\App\\Controllers\\UpdateRecord', true)
 5 SYSTEMPATH\CodeIgniter.php(489): CodeIgniter\CodeIgniter->startController()
 6 SYSTEMPATH\CodeIgniter.php(361): CodeIgniter\CodeIgniter->handleRequest(null, Object(Config\Cache), false)
 7 FCPATH\index.php(79): CodeIgniter\CodeIgniter->run()
