CRITICAL - 2024-04-10 06:46:13 --> Undefined array key "cmc_document_date"
in APPPATH\Controllers\Record.php on line 383.
 1 APPPATH\Controllers\Record.php(383): CodeIgniter\Debug\Exceptions->errorHandler(2, 'Undefined array key "cmc_document_date"', 'C:\\xampp\\htdocs\\2024\\cmc\\app\\Controllers\\Record.php', 383)
 2 SYSTEMPATH\CodeIgniter.php(942): App\Controllers\Record->recordSave()
 3 SYSTEMPATH\CodeIgniter.php(502): CodeIgniter\CodeIgniter->runController(Object(App\Controllers\Record))
 4 SYSTEMPATH\CodeIgniter.php(361): CodeIgniter\CodeIgniter->handleRequest(null, Object(Config\Cache), false)
 5 FCPATH\index.php(79): CodeIgniter\CodeIgniter->run()
CRITICAL - 2024-04-10 09:24:24 --> Undefined array key "cmc_document_date"
in APPPATH\Controllers\Record.php on line 383.
 1 APPPATH\Controllers\Record.php(383): CodeIgniter\Debug\Exceptions->errorHandler(2, 'Undefined array key "cmc_document_date"', 'C:\\xampp\\htdocs\\2024\\cmc\\app\\Controllers\\Record.php', 383)
 2 SYSTEMPATH\CodeIgniter.php(942): App\Controllers\Record->recordSave()
 3 SYSTEMPATH\CodeIgniter.php(502): CodeIgniter\CodeIgniter->runController(Object(App\Controllers\Record))
 4 SYSTEMPATH\CodeIgniter.php(361): CodeIgniter\CodeIgniter->handleRequest(null, Object(Config\Cache), false)
 5 FCPATH\index.php(79): CodeIgniter\CodeIgniter->run()
CRITICAL - 2024-04-10 10:34:02 --> Undefined array key "cmc_document_date"
in APPPATH\Controllers\Record.php on line 383.
 1 APPPATH\Controllers\Record.php(383): CodeIgniter\Debug\Exceptions->errorHandler(2, 'Undefined array key "cmc_document_date"', 'C:\\xampp\\htdocs\\2024\\cmc\\app\\Controllers\\Record.php', 383)
 2 SYSTEMPATH\CodeIgniter.php(942): App\Controllers\Record->recordSave()
 3 SYSTEMPATH\CodeIgniter.php(502): CodeIgniter\CodeIgniter->runController(Object(App\Controllers\Record))
 4 SYSTEMPATH\CodeIgniter.php(361): CodeIgniter\CodeIgniter->handleRequest(null, Object(Config\Cache), false)
 5 FCPATH\index.php(79): CodeIgniter\CodeIgniter->run()
CRITICAL - 2024-04-10 10:47:49 --> Undefined array key "cmc_document_date"
in APPPATH\Controllers\Record.php on line 383.
 1 APPPATH\Controllers\Record.php(383): CodeIgniter\Debug\Exceptions->errorHandler(2, 'Undefined array key "cmc_document_date"', 'C:\\xampp\\htdocs\\2024\\cmc\\app\\Controllers\\Record.php', 383)
 2 SYSTEMPATH\CodeIgniter.php(942): App\Controllers\Record->recordSave()
 3 SYSTEMPATH\CodeIgniter.php(502): CodeIgniter\CodeIgniter->runController(Object(App\Controllers\Record))
 4 SYSTEMPATH\CodeIgniter.php(361): CodeIgniter\CodeIgniter->handleRequest(null, Object(Config\Cache), false)
 5 FCPATH\index.php(79): CodeIgniter\CodeIgniter->run()
CRITICAL - 2024-04-10 11:16:12 --> Undefined array key "cmc_document_date"
in APPPATH\Controllers\Record.php on line 383.
 1 APPPATH\Controllers\Record.php(383): CodeIgniter\Debug\Exceptions->errorHandler(2, 'Undefined array key "cmc_document_date"', 'C:\\xampp\\htdocs\\2024\\cmc\\app\\Controllers\\Record.php', 383)
 2 SYSTEMPATH\CodeIgniter.php(942): App\Controllers\Record->recordSave()
 3 SYSTEMPATH\CodeIgniter.php(502): CodeIgniter\CodeIgniter->runController(Object(App\Controllers\Record))
 4 SYSTEMPATH\CodeIgniter.php(361): CodeIgniter\CodeIgniter->handleRequest(null, Object(Config\Cache), false)
 5 FCPATH\index.php(79): CodeIgniter\CodeIgniter->run()
CRITICAL - 2024-04-10 12:01:39 --> Undefined array key "cmc_document_date"
in APPPATH\Controllers\Record.php on line 383.
 1 APPPATH\Controllers\Record.php(383): CodeIgniter\Debug\Exceptions->errorHandler(2, 'Undefined array key "cmc_document_date"', 'C:\\xampp\\htdocs\\2024\\cmc\\app\\Controllers\\Record.php', 383)
 2 SYSTEMPATH\CodeIgniter.php(942): App\Controllers\Record->recordSave()
 3 SYSTEMPATH\CodeIgniter.php(502): CodeIgniter\CodeIgniter->runController(Object(App\Controllers\Record))
 4 SYSTEMPATH\CodeIgniter.php(361): CodeIgniter\CodeIgniter->handleRequest(null, Object(Config\Cache), false)
 5 FCPATH\index.php(79): CodeIgniter\CodeIgniter->run()
CRITICAL - 2024-04-10 13:37:01 --> Undefined array key "cmc_document_date"
in APPPATH\Controllers\Record.php on line 383.
 1 APPPATH\Controllers\Record.php(383): CodeIgniter\Debug\Exceptions->errorHandler(2, 'Undefined array key "cmc_document_date"', 'C:\\xampp\\htdocs\\2024\\cmc\\app\\Controllers\\Record.php', 383)
 2 SYSTEMPATH\CodeIgniter.php(942): App\Controllers\Record->recordSave()
 3 SYSTEMPATH\CodeIgniter.php(502): CodeIgniter\CodeIgniter->runController(Object(App\Controllers\Record))
 4 SYSTEMPATH\CodeIgniter.php(361): CodeIgniter\CodeIgniter->handleRequest(null, Object(Config\Cache), false)
 5 FCPATH\index.php(79): CodeIgniter\CodeIgniter->run()
CRITICAL - 2024-04-10 13:59:57 --> Undefined array key "cmc_document_date"
in APPPATH\Controllers\Record.php on line 383.
 1 APPPATH\Controllers\Record.php(383): CodeIgniter\Debug\Exceptions->errorHandler(2, 'Undefined array key "cmc_document_date"', 'C:\\xampp\\htdocs\\2024\\cmc\\app\\Controllers\\Record.php', 383)
 2 SYSTEMPATH\CodeIgniter.php(942): App\Controllers\Record->recordSave()
 3 SYSTEMPATH\CodeIgniter.php(502): CodeIgniter\CodeIgniter->runController(Object(App\Controllers\Record))
 4 SYSTEMPATH\CodeIgniter.php(361): CodeIgniter\CodeIgniter->handleRequest(null, Object(Config\Cache), false)
 5 FCPATH\index.php(79): CodeIgniter\CodeIgniter->run()
CRITICAL - 2024-04-10 14:00:40 --> Undefined array key "cmc_document_date"
in APPPATH\Controllers\Record.php on line 383.
 1 APPPATH\Controllers\Record.php(383): CodeIgniter\Debug\Exceptions->errorHandler(2, 'Undefined array key "cmc_document_date"', 'C:\\xampp\\htdocs\\2024\\cmc\\app\\Controllers\\Record.php', 383)
 2 SYSTEMPATH\CodeIgniter.php(942): App\Controllers\Record->recordSave()
 3 SYSTEMPATH\CodeIgniter.php(502): CodeIgniter\CodeIgniter->runController(Object(App\Controllers\Record))
 4 SYSTEMPATH\CodeIgniter.php(361): CodeIgniter\CodeIgniter->handleRequest(null, Object(Config\Cache), false)
 5 FCPATH\index.php(79): CodeIgniter\CodeIgniter->run()
CRITICAL - 2024-04-10 14:31:26 --> Undefined array key "cmc_document_date"
in APPPATH\Controllers\Record.php on line 383.
 1 APPPATH\Controllers\Record.php(383): CodeIgniter\Debug\Exceptions->errorHandler(2, 'Undefined array key "cmc_document_date"', 'C:\\xampp\\htdocs\\2024\\cmc\\app\\Controllers\\Record.php', 383)
 2 SYSTEMPATH\CodeIgniter.php(942): App\Controllers\Record->recordSave()
 3 SYSTEMPATH\CodeIgniter.php(502): CodeIgniter\CodeIgniter->runController(Object(App\Controllers\Record))
 4 SYSTEMPATH\CodeIgniter.php(361): CodeIgniter\CodeIgniter->handleRequest(null, Object(Config\Cache), false)
 5 FCPATH\index.php(79): CodeIgniter\CodeIgniter->run()
