CRITICAL - 2025-11-15 07:46:54 --> Undefined array key "cmc_document_date"
in APPPATH\Controllers\Record.php on line 389.
 1 APPPATH\Controllers\Record.php(389): CodeIgniter\Debug\Exceptions->errorHandler(2, 'Undefined array key "cmc_document_date"', 'C:\\xampp\\htdocs\\2025\\cmc\\app\\Controllers\\Record.php', 389)
 2 SYSTEMPATH\CodeIgniter.php(942): App\Controllers\Record->recordSave()
 3 SYSTEMPATH\CodeIgniter.php(502): CodeIgniter\CodeIgniter->runController(Object(App\Controllers\Record))
 4 SYSTEMPATH\CodeIgniter.php(361): CodeIgniter\CodeIgniter->handleRequest(null, Object(Config\Cache), false)
 5 FCPATH\index.php(79): CodeIgniter\CodeIgniter->run()
CRITICAL - 2025-11-15 07:46:54 --> Undefined array key "cmc_document_date"
in APPPATH\Controllers\Record.php on line 389.
 1 APPPATH\Controllers\Record.php(389): CodeIgniter\Debug\Exceptions->errorHandler(2, 'Undefined array key "cmc_document_date"', 'C:\\xampp\\htdocs\\2025\\cmc\\app\\Controllers\\Record.php', 389)
 2 SYSTEMPATH\CodeIgniter.php(942): App\Controllers\Record->recordSave()
 3 SYSTEMPATH\CodeIgniter.php(502): CodeIgniter\CodeIgniter->runController(Object(App\Controllers\Record))
 4 SYSTEMPATH\CodeIgniter.php(361): CodeIgniter\CodeIgniter->handleRequest(null, Object(Config\Cache), false)
 5 FCPATH\index.php(79): CodeIgniter\CodeIgniter->run()
CRITICAL - 2025-11-15 07:46:54 --> Undefined array key "cmc_document_date"
in APPPATH\Controllers\Record.php on line 389.
 1 APPPATH\Controllers\Record.php(389): CodeIgniter\Debug\Exceptions->errorHandler(2, 'Undefined array key "cmc_document_date"', 'C:\\xampp\\htdocs\\2025\\cmc\\app\\Controllers\\Record.php', 389)
 2 SYSTEMPATH\CodeIgniter.php(942): App\Controllers\Record->recordSave()
 3 SYSTEMPATH\CodeIgniter.php(502): CodeIgniter\CodeIgniter->runController(Object(App\Controllers\Record))
 4 SYSTEMPATH\CodeIgniter.php(361): CodeIgniter\CodeIgniter->handleRequest(null, Object(Config\Cache), false)
 5 FCPATH\index.php(79): CodeIgniter\CodeIgniter->run()
CRITICAL - 2025-11-15 07:46:54 --> Undefined array key "cmc_document_date"
in APPPATH\Controllers\Record.php on line 389.
 1 APPPATH\Controllers\Record.php(389): CodeIgniter\Debug\Exceptions->errorHandler(2, 'Undefined array key "cmc_document_date"', 'C:\\xampp\\htdocs\\2025\\cmc\\app\\Controllers\\Record.php', 389)
 2 SYSTEMPATH\CodeIgniter.php(942): App\Controllers\Record->recordSave()
 3 SYSTEMPATH\CodeIgniter.php(502): CodeIgniter\CodeIgniter->runController(Object(App\Controllers\Record))
 4 SYSTEMPATH\CodeIgniter.php(361): CodeIgniter\CodeIgniter->handleRequest(null, Object(Config\Cache), false)
 5 FCPATH\index.php(79): CodeIgniter\CodeIgniter->run()
CRITICAL - 2025-11-15 07:53:01 --> Undefined array key "cmc_document_date"
in APPPATH\Controllers\Record.php on line 389.
 1 APPPATH\Controllers\Record.php(389): CodeIgniter\Debug\Exceptions->errorHandler(2, 'Undefined array key "cmc_document_date"', 'C:\\xampp\\htdocs\\2025\\cmc\\app\\Controllers\\Record.php', 389)
 2 SYSTEMPATH\CodeIgniter.php(942): App\Controllers\Record->recordSave()
 3 SYSTEMPATH\CodeIgniter.php(502): CodeIgniter\CodeIgniter->runController(Object(App\Controllers\Record))
 4 SYSTEMPATH\CodeIgniter.php(361): CodeIgniter\CodeIgniter->handleRequest(null, Object(Config\Cache), false)
 5 FCPATH\index.php(79): CodeIgniter\CodeIgniter->run()
CRITICAL - 2025-11-15 10:18:25 --> filesize(): stat failed for C:\xampp\htdocs\2025\cmc\writable\session/ci_session3mm5nh2alvbomlnpn10ks06cl6795s4c
in SYSTEMPATH\Session\Handlers\FileHandler.php on line 160.
 1 [internal function]: CodeIgniter\Debug\Exceptions->errorHandler(2, 'filesize(): stat failed for C:\\xampp\\htdocs\\2025\\cmc\\writable\\session/ci_session3mm5nh2alvbomlnpn10ks06cl6795s4c', 'C:\\xampp\\htdocs\\2025\\cmc\\system\\Session\\Handlers\\FileHandler.php', 160)
 2 SYSTEMPATH\Session\Handlers\FileHandler.php(160): filesize('C:\\xampp\\htdocs\\2025\\cmc\\writable\\session/ci_session3mm5nh2alvbomlnpn10ks06cl6795s4c')
 3 [internal function]: CodeIgniter\Session\Handlers\FileHandler->read('3mm5nh2alvbomlnpn10ks06cl6795s4c')
 4 SYSTEMPATH\Session\Session.php(919): session_start()
 5 SYSTEMPATH\Session\Session.php(241): CodeIgniter\Session\Session->startSession()
 6 SYSTEMPATH\Config\Services.php(693): CodeIgniter\Session\Session->start()
 7 SYSTEMPATH\Config\BaseService.php(258): CodeIgniter\Config\Services::session(Object(Config\Session), false)
 8 SYSTEMPATH\Config\BaseService.php(199): CodeIgniter\Config\BaseService::__callStatic('session', [...])
 9 SYSTEMPATH\Config\Services.php(664): CodeIgniter\Config\BaseService::getSharedInstance('session', null)
10 SYSTEMPATH\Config\BaseService.php(258): CodeIgniter\Config\Services::session()
11 APPPATH\Controllers\BaseController.php(84): CodeIgniter\Config\BaseService::__callStatic('session', [])
12 SYSTEMPATH\CodeIgniter.php(915): App\Controllers\BaseController->initController(Object(CodeIgniter\HTTP\IncomingRequest), Object(CodeIgniter\HTTP\Response), Object(CodeIgniter\Log\Logger))
13 SYSTEMPATH\CodeIgniter.php(493): CodeIgniter\CodeIgniter->createController()
14 SYSTEMPATH\CodeIgniter.php(361): CodeIgniter\CodeIgniter->handleRequest(null, Object(Config\Cache), false)
15 FCPATH\index.php(79): CodeIgniter\CodeIgniter->run()
