CRITICAL - 2024-06-20 06:57:27 --> Undefined array key "cmc_document_date"
in APPPATH\Controllers\Record.php on line 389.
 1 APPPATH\Controllers\Record.php(389): CodeIgniter\Debug\Exceptions->errorHandler(2, 'Undefined array key "cmc_document_date"', 'C:\\xampp\\htdocs\\2024\\cmc\\app\\Controllers\\Record.php', 389)
 2 SYSTEMPATH\CodeIgniter.php(942): App\Controllers\Record->recordSave()
 3 SYSTEMPATH\CodeIgniter.php(502): CodeIgniter\CodeIgniter->runController(Object(App\Controllers\Record))
 4 SYSTEMPATH\CodeIgniter.php(361): CodeIgniter\CodeIgniter->handleRequest(null, Object(Config\Cache), false)
 5 FCPATH\index.php(79): CodeIgniter\CodeIgniter->run()
CRITICAL - 2024-06-20 06:57:30 --> Undefined array key "cmc_document_date"
in APPPATH\Controllers\Record.php on line 389.
 1 APPPATH\Controllers\Record.php(389): CodeIgniter\Debug\Exceptions->errorHandler(2, 'Undefined array key "cmc_document_date"', 'C:\\xampp\\htdocs\\2024\\cmc\\app\\Controllers\\Record.php', 389)
 2 SYSTEMPATH\CodeIgniter.php(942): App\Controllers\Record->recordSave()
 3 SYSTEMPATH\CodeIgniter.php(502): CodeIgniter\CodeIgniter->runController(Object(App\Controllers\Record))
 4 SYSTEMPATH\CodeIgniter.php(361): CodeIgniter\CodeIgniter->handleRequest(null, Object(Config\Cache), false)
 5 FCPATH\index.php(79): CodeIgniter\CodeIgniter->run()
CRITICAL - 2024-06-20 06:57:36 --> Undefined array key "cmc_document_date"
in APPPATH\Controllers\Record.php on line 389.
 1 APPPATH\Controllers\Record.php(389): CodeIgniter\Debug\Exceptions->errorHandler(2, 'Undefined array key "cmc_document_date"', 'C:\\xampp\\htdocs\\2024\\cmc\\app\\Controllers\\Record.php', 389)
 2 SYSTEMPATH\CodeIgniter.php(942): App\Controllers\Record->recordSave()
 3 SYSTEMPATH\CodeIgniter.php(502): CodeIgniter\CodeIgniter->runController(Object(App\Controllers\Record))
 4 SYSTEMPATH\CodeIgniter.php(361): CodeIgniter\CodeIgniter->handleRequest(null, Object(Config\Cache), false)
 5 FCPATH\index.php(79): CodeIgniter\CodeIgniter->run()
CRITICAL - 2024-06-20 08:43:22 --> Undefined array key "cmc_document_date"
in APPPATH\Controllers\Record.php on line 389.
 1 APPPATH\Controllers\Record.php(389): CodeIgniter\Debug\Exceptions->errorHandler(2, 'Undefined array key "cmc_document_date"', 'C:\\xampp\\htdocs\\2024\\cmc\\app\\Controllers\\Record.php', 389)
 2 SYSTEMPATH\CodeIgniter.php(942): App\Controllers\Record->recordSave()
 3 SYSTEMPATH\CodeIgniter.php(502): CodeIgniter\CodeIgniter->runController(Object(App\Controllers\Record))
 4 SYSTEMPATH\CodeIgniter.php(361): CodeIgniter\CodeIgniter->handleRequest(null, Object(Config\Cache), false)
 5 FCPATH\index.php(79): CodeIgniter\CodeIgniter->run()
CRITICAL - 2024-06-20 08:43:49 --> Undefined array key "cmc_document_date"
in APPPATH\Controllers\Record.php on line 389.
 1 APPPATH\Controllers\Record.php(389): CodeIgniter\Debug\Exceptions->errorHandler(2, 'Undefined array key "cmc_document_date"', 'C:\\xampp\\htdocs\\2024\\cmc\\app\\Controllers\\Record.php', 389)
 2 SYSTEMPATH\CodeIgniter.php(942): App\Controllers\Record->recordSave()
 3 SYSTEMPATH\CodeIgniter.php(502): CodeIgniter\CodeIgniter->runController(Object(App\Controllers\Record))
 4 SYSTEMPATH\CodeIgniter.php(361): CodeIgniter\CodeIgniter->handleRequest(null, Object(Config\Cache), false)
 5 FCPATH\index.php(79): CodeIgniter\CodeIgniter->run()
CRITICAL - 2024-06-20 11:02:26 --> Undefined array key "cmc_document_date"
in APPPATH\Controllers\Record.php on line 389.
 1 APPPATH\Controllers\Record.php(389): CodeIgniter\Debug\Exceptions->errorHandler(2, 'Undefined array key "cmc_document_date"', 'C:\\xampp\\htdocs\\2024\\cmc\\app\\Controllers\\Record.php', 389)
 2 SYSTEMPATH\CodeIgniter.php(942): App\Controllers\Record->recordSave()
 3 SYSTEMPATH\CodeIgniter.php(502): CodeIgniter\CodeIgniter->runController(Object(App\Controllers\Record))
 4 SYSTEMPATH\CodeIgniter.php(361): CodeIgniter\CodeIgniter->handleRequest(null, Object(Config\Cache), false)
 5 FCPATH\index.php(79): CodeIgniter\CodeIgniter->run()
CRITICAL - 2024-06-20 11:03:34 --> Undefined array key "cmc_document_date"
in APPPATH\Controllers\Record.php on line 389.
 1 APPPATH\Controllers\Record.php(389): CodeIgniter\Debug\Exceptions->errorHandler(2, 'Undefined array key "cmc_document_date"', 'C:\\xampp\\htdocs\\2024\\cmc\\app\\Controllers\\Record.php', 389)
 2 SYSTEMPATH\CodeIgniter.php(942): App\Controllers\Record->recordSave()
 3 SYSTEMPATH\CodeIgniter.php(502): CodeIgniter\CodeIgniter->runController(Object(App\Controllers\Record))
 4 SYSTEMPATH\CodeIgniter.php(361): CodeIgniter\CodeIgniter->handleRequest(null, Object(Config\Cache), false)
 5 FCPATH\index.php(79): CodeIgniter\CodeIgniter->run()
CRITICAL - 2024-06-20 12:01:17 --> Undefined array key "cmc_document_date"
in APPPATH\Controllers\Record.php on line 389.
 1 APPPATH\Controllers\Record.php(389): CodeIgniter\Debug\Exceptions->errorHandler(2, 'Undefined array key "cmc_document_date"', 'C:\\xampp\\htdocs\\2024\\cmc\\app\\Controllers\\Record.php', 389)
 2 SYSTEMPATH\CodeIgniter.php(942): App\Controllers\Record->recordSave()
 3 SYSTEMPATH\CodeIgniter.php(502): CodeIgniter\CodeIgniter->runController(Object(App\Controllers\Record))
 4 SYSTEMPATH\CodeIgniter.php(361): CodeIgniter\CodeIgniter->handleRequest(null, Object(Config\Cache), false)
 5 FCPATH\index.php(79): CodeIgniter\CodeIgniter->run()
CRITICAL - 2024-06-20 12:27:43 --> Undefined array key "cmc_document_date"
in APPPATH\Controllers\Record.php on line 389.
 1 APPPATH\Controllers\Record.php(389): CodeIgniter\Debug\Exceptions->errorHandler(2, 'Undefined array key "cmc_document_date"', 'C:\\xampp\\htdocs\\2024\\cmc\\app\\Controllers\\Record.php', 389)
 2 SYSTEMPATH\CodeIgniter.php(942): App\Controllers\Record->recordSave()
 3 SYSTEMPATH\CodeIgniter.php(502): CodeIgniter\CodeIgniter->runController(Object(App\Controllers\Record))
 4 SYSTEMPATH\CodeIgniter.php(361): CodeIgniter\CodeIgniter->handleRequest(null, Object(Config\Cache), false)
 5 FCPATH\index.php(79): CodeIgniter\CodeIgniter->run()
