INFO - 2023-12-12 07:07:17 --> Session: Class initialized using 'CodeIgniter\Session\Handlers\FileHandler' driver.
INFO - 2023-12-12 07:07:18 --> Session: Class initialized using 'CodeIgniter\Session\Handlers\FileHandler' driver.
INFO - 2023-12-12 07:07:29 --> Session: Class initialized using 'CodeIgniter\Session\Handlers\FileHandler' driver.
INFO - 2023-12-12 07:07:30 --> Session: Class initialized using 'CodeIgniter\Session\Handlers\FileHandler' driver.
INFO - 2023-12-12 07:08:52 --> Session: Class initialized using 'CodeIgniter\Session\Handlers\FileHandler' driver.
INFO - 2023-12-12 07:09:13 --> Session: Class initialized using 'CodeIgniter\Session\Handlers\FileHandler' driver.
INFO - 2023-12-12 07:10:19 --> Session: Class initialized using 'CodeIgniter\Session\Handlers\FileHandler' driver.
INFO - 2023-12-12 07:12:35 --> Session: Class initialized using 'CodeIgniter\Session\Handlers\FileHandler' driver.
INFO - 2023-12-12 07:12:46 --> Session: Class initialized using 'CodeIgniter\Session\Handlers\FileHandler' driver.
INFO - 2023-12-12 07:13:28 --> Session: Class initialized using 'CodeIgniter\Session\Handlers\FileHandler' driver.
INFO - 2023-12-12 07:13:33 --> Session: Class initialized using 'CodeIgniter\Session\Handlers\FileHandler' driver.
INFO - 2023-12-12 07:14:02 --> Session: Class initialized using 'CodeIgniter\Session\Handlers\FileHandler' driver.
INFO - 2023-12-12 07:14:07 --> Session: Class initialized using 'CodeIgniter\Session\Handlers\FileHandler' driver.
INFO - 2023-12-12 07:14:30 --> Session: Class initialized using 'CodeIgniter\Session\Handlers\FileHandler' driver.
INFO - 2023-12-12 07:15:30 --> Session: Class initialized using 'CodeIgniter\Session\Handlers\FileHandler' driver.
INFO - 2023-12-12 07:16:44 --> Session: Class initialized using 'CodeIgniter\Session\Handlers\FileHandler' driver.
INFO - 2023-12-12 07:16:59 --> Session: Class initialized using 'CodeIgniter\Session\Handlers\FileHandler' driver.
INFO - 2023-12-12 07:17:17 --> Session: Class initialized using 'CodeIgniter\Session\Handlers\FileHandler' driver.
INFO - 2023-12-12 07:17:17 --> Session: Class initialized using 'CodeIgniter\Session\Handlers\FileHandler' driver.
INFO - 2023-12-12 07:18:00 --> Session: Class initialized using 'CodeIgniter\Session\Handlers\FileHandler' driver.
INFO - 2023-12-12 07:18:21 --> Session: Class initialized using 'CodeIgniter\Session\Handlers\FileHandler' driver.
INFO - 2023-12-12 07:18:26 --> Session: Class initialized using 'CodeIgniter\Session\Handlers\FileHandler' driver.
INFO - 2023-12-12 07:19:31 --> Session: Class initialized using 'CodeIgniter\Session\Handlers\FileHandler' driver.
INFO - 2023-12-12 07:19:31 --> Session: Class initialized using 'CodeIgniter\Session\Handlers\FileHandler' driver.
INFO - 2023-12-12 07:20:10 --> Session: Class initialized using 'CodeIgniter\Session\Handlers\FileHandler' driver.
INFO - 2023-12-12 07:21:03 --> Session: Class initialized using 'CodeIgniter\Session\Handlers\FileHandler' driver.
INFO - 2023-12-12 07:21:56 --> Session: Class initialized using 'CodeIgniter\Session\Handlers\FileHandler' driver.
INFO - 2023-12-12 07:22:55 --> Session: Class initialized using 'CodeIgniter\Session\Handlers\FileHandler' driver.
INFO - 2023-12-12 07:23:25 --> Session: Class initialized using 'CodeIgniter\Session\Handlers\FileHandler' driver.
INFO - 2023-12-12 07:24:00 --> Session: Class initialized using 'CodeIgniter\Session\Handlers\FileHandler' driver.
INFO - 2023-12-12 07:24:46 --> Session: Class initialized using 'CodeIgniter\Session\Handlers\FileHandler' driver.
INFO - 2023-12-12 07:26:12 --> Session: Class initialized using 'CodeIgniter\Session\Handlers\FileHandler' driver.
INFO - 2023-12-12 07:26:19 --> Session: Class initialized using 'CodeIgniter\Session\Handlers\FileHandler' driver.
INFO - 2023-12-12 07:26:24 --> Session: Class initialized using 'CodeIgniter\Session\Handlers\FileHandler' driver.
INFO - 2023-12-12 07:27:08 --> Session: Class initialized using 'CodeIgniter\Session\Handlers\FileHandler' driver.
INFO - 2023-12-12 07:27:42 --> Session: Class initialized using 'CodeIgniter\Session\Handlers\FileHandler' driver.
INFO - 2023-12-12 07:27:58 --> Session: Class initialized using 'CodeIgniter\Session\Handlers\FileHandler' driver.
INFO - 2023-12-12 07:32:41 --> Session: Class initialized using 'CodeIgniter\Session\Handlers\FileHandler' driver.
INFO - 2023-12-12 07:36:01 --> Session: Class initialized using 'CodeIgniter\Session\Handlers\FileHandler' driver.
INFO - 2023-12-12 07:36:01 --> Session: Class initialized using 'CodeIgniter\Session\Handlers\FileHandler' driver.
INFO - 2023-12-12 07:36:06 --> Session: Class initialized using 'CodeIgniter\Session\Handlers\FileHandler' driver.
INFO - 2023-12-12 07:36:24 --> Session: Class initialized using 'CodeIgniter\Session\Handlers\FileHandler' driver.
INFO - 2023-12-12 07:36:25 --> Session: Class initialized using 'CodeIgniter\Session\Handlers\FileHandler' driver.
INFO - 2023-12-12 07:36:30 --> Session: Class initialized using 'CodeIgniter\Session\Handlers\FileHandler' driver.
INFO - 2023-12-12 07:36:46 --> Session: Class initialized using 'CodeIgniter\Session\Handlers\FileHandler' driver.
INFO - 2023-12-12 07:36:46 --> Session: Class initialized using 'CodeIgniter\Session\Handlers\FileHandler' driver.
INFO - 2023-12-12 07:40:00 --> Session: Class initialized using 'CodeIgniter\Session\Handlers\FileHandler' driver.
INFO - 2023-12-12 07:40:05 --> Session: Class initialized using 'CodeIgniter\Session\Handlers\FileHandler' driver.
INFO - 2023-12-12 07:41:44 --> Session: Class initialized using 'CodeIgniter\Session\Handlers\FileHandler' driver.
INFO - 2023-12-12 07:43:07 --> Session: Class initialized using 'CodeIgniter\Session\Handlers\FileHandler' driver.
INFO - 2023-12-12 07:43:36 --> Session: Class initialized using 'CodeIgniter\Session\Handlers\FileHandler' driver.
INFO - 2023-12-12 07:44:06 --> Session: Class initialized using 'CodeIgniter\Session\Handlers\FileHandler' driver.
INFO - 2023-12-12 07:46:16 --> Session: Class initialized using 'CodeIgniter\Session\Handlers\FileHandler' driver.
INFO - 2023-12-12 07:46:20 --> Session: Class initialized using 'CodeIgniter\Session\Handlers\FileHandler' driver.
INFO - 2023-12-12 07:52:39 --> Session: Class initialized using 'CodeIgniter\Session\Handlers\FileHandler' driver.
INFO - 2023-12-12 07:52:49 --> Session: Class initialized using 'CodeIgniter\Session\Handlers\FileHandler' driver.
INFO - 2023-12-12 07:52:54 --> Session: Class initialized using 'CodeIgniter\Session\Handlers\FileHandler' driver.
INFO - 2023-12-12 07:52:58 --> Session: Class initialized using 'CodeIgniter\Session\Handlers\FileHandler' driver.
INFO - 2023-12-12 07:54:39 --> Session: Class initialized using 'CodeIgniter\Session\Handlers\FileHandler' driver.
INFO - 2023-12-12 07:54:55 --> Session: Class initialized using 'CodeIgniter\Session\Handlers\FileHandler' driver.
INFO - 2023-12-12 07:55:04 --> Session: Class initialized using 'CodeIgniter\Session\Handlers\FileHandler' driver.
INFO - 2023-12-12 07:55:04 --> Session: Class initialized using 'CodeIgniter\Session\Handlers\FileHandler' driver.
INFO - 2023-12-12 07:55:07 --> Session: Class initialized using 'CodeIgniter\Session\Handlers\FileHandler' driver.
INFO - 2023-12-12 07:55:12 --> Session: Class initialized using 'CodeIgniter\Session\Handlers\FileHandler' driver.
INFO - 2023-12-12 07:55:12 --> Session: Class initialized using 'CodeIgniter\Session\Handlers\FileHandler' driver.
INFO - 2023-12-12 07:55:48 --> Session: Class initialized using 'CodeIgniter\Session\Handlers\FileHandler' driver.
INFO - 2023-12-12 07:56:13 --> Session: Class initialized using 'CodeIgniter\Session\Handlers\FileHandler' driver.
INFO - 2023-12-12 07:56:45 --> Session: Class initialized using 'CodeIgniter\Session\Handlers\FileHandler' driver.
INFO - 2023-12-12 07:57:49 --> Session: Class initialized using 'CodeIgniter\Session\Handlers\FileHandler' driver.
INFO - 2023-12-12 07:58:11 --> Session: Class initialized using 'CodeIgniter\Session\Handlers\FileHandler' driver.
INFO - 2023-12-12 07:58:19 --> Session: Class initialized using 'CodeIgniter\Session\Handlers\FileHandler' driver.
INFO - 2023-12-12 07:59:32 --> Session: Class initialized using 'CodeIgniter\Session\Handlers\FileHandler' driver.
INFO - 2023-12-12 07:59:46 --> Session: Class initialized using 'CodeIgniter\Session\Handlers\FileHandler' driver.
INFO - 2023-12-12 08:01:27 --> Session: Class initialized using 'CodeIgniter\Session\Handlers\FileHandler' driver.
INFO - 2023-12-12 08:01:36 --> Session: Class initialized using 'CodeIgniter\Session\Handlers\FileHandler' driver.
INFO - 2023-12-12 08:01:53 --> Session: Class initialized using 'CodeIgniter\Session\Handlers\FileHandler' driver.
INFO - 2023-12-12 08:01:53 --> Session: Class initialized using 'CodeIgniter\Session\Handlers\FileHandler' driver.
INFO - 2023-12-12 08:03:57 --> Session: Class initialized using 'CodeIgniter\Session\Handlers\FileHandler' driver.
ERROR - 2023-12-12 08:03:58 --> mysqli_sql_exception: Unknown column 'cmc_targetParentId' in 'where clause' in C:\xampp\htdocs\cmc_new\system\Database\MySQLi\Connection.php:306
Stack trace:
#0 C:\xampp\htdocs\cmc_new\system\Database\MySQLi\Connection.php(306): mysqli->query('SELECT * FROM `...', 0)
#1 C:\xampp\htdocs\cmc_new\system\Database\BaseConnection.php(693): CodeIgniter\Database\MySQLi\Connection->execute('SELECT * FROM `...')
#2 C:\xampp\htdocs\cmc_new\system\Database\BaseConnection.php(607): CodeIgniter\Database\BaseConnection->simpleQuery('SELECT * FROM `...')
#3 C:\xampp\htdocs\cmc_new\app\Models\CustomModel.php(15): CodeIgniter\Database\BaseConnection->query('SELECT * FROM `...')
#4 C:\xampp\htdocs\cmc_new\app\Controllers\Record.php(32): App\Models\CustomModel->executeQuery('SELECT * FROM `...')
#5 C:\xampp\htdocs\cmc_new\system\CodeIgniter.php(942): App\Controllers\Record->addRecord()
#6 C:\xampp\htdocs\cmc_new\system\CodeIgniter.php(502): CodeIgniter\CodeIgniter->runController(Object(App\Controllers\Record))
#7 C:\xampp\htdocs\cmc_new\system\CodeIgniter.php(361): CodeIgniter\CodeIgniter->handleRequest(NULL, Object(Config\Cache), false)
#8 C:\xampp\htdocs\cmc_new\index.php(79): CodeIgniter\CodeIgniter->run()
#9 {main}
CRITICAL - 2023-12-12 08:03:58 --> Unknown column 'cmc_targetParentId' in 'where clause'
in SYSTEMPATH\Database\BaseConnection.php on line 647.
 1 APPPATH\Models\CustomModel.php(15): CodeIgniter\Database\BaseConnection->query('SELECT * FROM `cmc_target_type`  WHERE `cmc_targetParentId` != \'0\' ORDER BY `cmc_targetTypeName` ASC ')
 2 APPPATH\Controllers\Record.php(32): App\Models\CustomModel->executeQuery('SELECT * FROM `cmc_target_type`  WHERE `cmc_targetParentId` != \'0\' ORDER BY `cmc_targetTypeName` ASC ')
 3 SYSTEMPATH\CodeIgniter.php(942): App\Controllers\Record->addRecord()
 4 SYSTEMPATH\CodeIgniter.php(502): CodeIgniter\CodeIgniter->runController(Object(App\Controllers\Record))
 5 SYSTEMPATH\CodeIgniter.php(361): CodeIgniter\CodeIgniter->handleRequest(null, Object(Config\Cache), false)
 6 FCPATH\index.php(79): CodeIgniter\CodeIgniter->run()
INFO - 2023-12-12 08:04:06 --> Session: Class initialized using 'CodeIgniter\Session\Handlers\FileHandler' driver.
ERROR - 2023-12-12 08:04:06 --> mysqli_sql_exception: Unknown column 'cmc_targetParentId' in 'where clause' in C:\xampp\htdocs\cmc_new\system\Database\MySQLi\Connection.php:306
Stack trace:
#0 C:\xampp\htdocs\cmc_new\system\Database\MySQLi\Connection.php(306): mysqli->query('SELECT * FROM `...', 0)
#1 C:\xampp\htdocs\cmc_new\system\Database\BaseConnection.php(693): CodeIgniter\Database\MySQLi\Connection->execute('SELECT * FROM `...')
#2 C:\xampp\htdocs\cmc_new\system\Database\BaseConnection.php(607): CodeIgniter\Database\BaseConnection->simpleQuery('SELECT * FROM `...')
#3 C:\xampp\htdocs\cmc_new\app\Models\CustomModel.php(15): CodeIgniter\Database\BaseConnection->query('SELECT * FROM `...')
#4 C:\xampp\htdocs\cmc_new\app\Controllers\Record.php(32): App\Models\CustomModel->executeQuery('SELECT * FROM `...')
#5 C:\xampp\htdocs\cmc_new\system\CodeIgniter.php(942): App\Controllers\Record->addRecord()
#6 C:\xampp\htdocs\cmc_new\system\CodeIgniter.php(502): CodeIgniter\CodeIgniter->runController(Object(App\Controllers\Record))
#7 C:\xampp\htdocs\cmc_new\system\CodeIgniter.php(361): CodeIgniter\CodeIgniter->handleRequest(NULL, Object(Config\Cache), false)
#8 C:\xampp\htdocs\cmc_new\index.php(79): CodeIgniter\CodeIgniter->run()
#9 {main}
CRITICAL - 2023-12-12 08:04:06 --> Unknown column 'cmc_targetParentId' in 'where clause'
in SYSTEMPATH\Database\BaseConnection.php on line 647.
 1 APPPATH\Models\CustomModel.php(15): CodeIgniter\Database\BaseConnection->query('SELECT * FROM `cmc_target_type`  WHERE `cmc_targetParentId` != \'0\' ORDER BY `cmc_targetTypeName` ASC ')
 2 APPPATH\Controllers\Record.php(32): App\Models\CustomModel->executeQuery('SELECT * FROM `cmc_target_type`  WHERE `cmc_targetParentId` != \'0\' ORDER BY `cmc_targetTypeName` ASC ')
 3 SYSTEMPATH\CodeIgniter.php(942): App\Controllers\Record->addRecord()
 4 SYSTEMPATH\CodeIgniter.php(502): CodeIgniter\CodeIgniter->runController(Object(App\Controllers\Record))
 5 SYSTEMPATH\CodeIgniter.php(361): CodeIgniter\CodeIgniter->handleRequest(null, Object(Config\Cache), false)
 6 FCPATH\index.php(79): CodeIgniter\CodeIgniter->run()
INFO - 2023-12-12 08:04:49 --> Session: Class initialized using 'CodeIgniter\Session\Handlers\FileHandler' driver.
ERROR - 2023-12-12 08:04:49 --> mysqli_sql_exception: Unknown column 'cmc_targetParentId' in 'where clause' in C:\xampp\htdocs\cmc_new\system\Database\MySQLi\Connection.php:306
Stack trace:
#0 C:\xampp\htdocs\cmc_new\system\Database\MySQLi\Connection.php(306): mysqli->query('SELECT * FROM `...', 0)
#1 C:\xampp\htdocs\cmc_new\system\Database\BaseConnection.php(693): CodeIgniter\Database\MySQLi\Connection->execute('SELECT * FROM `...')
#2 C:\xampp\htdocs\cmc_new\system\Database\BaseConnection.php(607): CodeIgniter\Database\BaseConnection->simpleQuery('SELECT * FROM `...')
#3 C:\xampp\htdocs\cmc_new\app\Models\CustomModel.php(15): CodeIgniter\Database\BaseConnection->query('SELECT * FROM `...')
#4 C:\xampp\htdocs\cmc_new\app\Controllers\Record.php(33): App\Models\CustomModel->executeQuery('SELECT * FROM `...')
#5 C:\xampp\htdocs\cmc_new\system\CodeIgniter.php(942): App\Controllers\Record->addRecord()
#6 C:\xampp\htdocs\cmc_new\system\CodeIgniter.php(502): CodeIgniter\CodeIgniter->runController(Object(App\Controllers\Record))
#7 C:\xampp\htdocs\cmc_new\system\CodeIgniter.php(361): CodeIgniter\CodeIgniter->handleRequest(NULL, Object(Config\Cache), false)
#8 C:\xampp\htdocs\cmc_new\index.php(79): CodeIgniter\CodeIgniter->run()
#9 {main}
CRITICAL - 2023-12-12 08:04:49 --> Unknown column 'cmc_targetParentId' in 'where clause'
in SYSTEMPATH\Database\BaseConnection.php on line 647.
 1 APPPATH\Models\CustomModel.php(15): CodeIgniter\Database\BaseConnection->query('SELECT * FROM `cmc_target_type`  WHERE `cmc_targetParentId` = \'0\' ORDER BY `cmc_targetTypeName` ASC ')
 2 APPPATH\Controllers\Record.php(33): App\Models\CustomModel->executeQuery('SELECT * FROM `cmc_target_type`  WHERE `cmc_targetParentId` = \'0\' ORDER BY `cmc_targetTypeName` ASC ')
 3 SYSTEMPATH\CodeIgniter.php(942): App\Controllers\Record->addRecord()
 4 SYSTEMPATH\CodeIgniter.php(502): CodeIgniter\CodeIgniter->runController(Object(App\Controllers\Record))
 5 SYSTEMPATH\CodeIgniter.php(361): CodeIgniter\CodeIgniter->handleRequest(null, Object(Config\Cache), false)
 6 FCPATH\index.php(79): CodeIgniter\CodeIgniter->run()
INFO - 2023-12-12 08:04:50 --> Session: Class initialized using 'CodeIgniter\Session\Handlers\FileHandler' driver.
ERROR - 2023-12-12 08:04:51 --> mysqli_sql_exception: Unknown column 'cmc_targetParentId' in 'where clause' in C:\xampp\htdocs\cmc_new\system\Database\MySQLi\Connection.php:306
Stack trace:
#0 C:\xampp\htdocs\cmc_new\system\Database\MySQLi\Connection.php(306): mysqli->query('SELECT * FROM `...', 0)
#1 C:\xampp\htdocs\cmc_new\system\Database\BaseConnection.php(693): CodeIgniter\Database\MySQLi\Connection->execute('SELECT * FROM `...')
#2 C:\xampp\htdocs\cmc_new\system\Database\BaseConnection.php(607): CodeIgniter\Database\BaseConnection->simpleQuery('SELECT * FROM `...')
#3 C:\xampp\htdocs\cmc_new\app\Models\CustomModel.php(15): CodeIgniter\Database\BaseConnection->query('SELECT * FROM `...')
#4 C:\xampp\htdocs\cmc_new\app\Controllers\Record.php(33): App\Models\CustomModel->executeQuery('SELECT * FROM `...')
#5 C:\xampp\htdocs\cmc_new\system\CodeIgniter.php(942): App\Controllers\Record->addRecord()
#6 C:\xampp\htdocs\cmc_new\system\CodeIgniter.php(502): CodeIgniter\CodeIgniter->runController(Object(App\Controllers\Record))
#7 C:\xampp\htdocs\cmc_new\system\CodeIgniter.php(361): CodeIgniter\CodeIgniter->handleRequest(NULL, Object(Config\Cache), false)
#8 C:\xampp\htdocs\cmc_new\index.php(79): CodeIgniter\CodeIgniter->run()
#9 {main}
CRITICAL - 2023-12-12 08:04:51 --> Unknown column 'cmc_targetParentId' in 'where clause'
in SYSTEMPATH\Database\BaseConnection.php on line 647.
 1 APPPATH\Models\CustomModel.php(15): CodeIgniter\Database\BaseConnection->query('SELECT * FROM `cmc_target_type`  WHERE `cmc_targetParentId` = \'0\' ORDER BY `cmc_targetTypeName` ASC ')
 2 APPPATH\Controllers\Record.php(33): App\Models\CustomModel->executeQuery('SELECT * FROM `cmc_target_type`  WHERE `cmc_targetParentId` = \'0\' ORDER BY `cmc_targetTypeName` ASC ')
 3 SYSTEMPATH\CodeIgniter.php(942): App\Controllers\Record->addRecord()
 4 SYSTEMPATH\CodeIgniter.php(502): CodeIgniter\CodeIgniter->runController(Object(App\Controllers\Record))
 5 SYSTEMPATH\CodeIgniter.php(361): CodeIgniter\CodeIgniter->handleRequest(null, Object(Config\Cache), false)
 6 FCPATH\index.php(79): CodeIgniter\CodeIgniter->run()
INFO - 2023-12-12 08:04:51 --> Session: Class initialized using 'CodeIgniter\Session\Handlers\FileHandler' driver.
ERROR - 2023-12-12 08:04:51 --> mysqli_sql_exception: Unknown column 'cmc_targetParentId' in 'where clause' in C:\xampp\htdocs\cmc_new\system\Database\MySQLi\Connection.php:306
Stack trace:
#0 C:\xampp\htdocs\cmc_new\system\Database\MySQLi\Connection.php(306): mysqli->query('SELECT * FROM `...', 0)
#1 C:\xampp\htdocs\cmc_new\system\Database\BaseConnection.php(693): CodeIgniter\Database\MySQLi\Connection->execute('SELECT * FROM `...')
#2 C:\xampp\htdocs\cmc_new\system\Database\BaseConnection.php(607): CodeIgniter\Database\BaseConnection->simpleQuery('SELECT * FROM `...')
#3 C:\xampp\htdocs\cmc_new\app\Models\CustomModel.php(15): CodeIgniter\Database\BaseConnection->query('SELECT * FROM `...')
#4 C:\xampp\htdocs\cmc_new\app\Controllers\Record.php(33): App\Models\CustomModel->executeQuery('SELECT * FROM `...')
#5 C:\xampp\htdocs\cmc_new\system\CodeIgniter.php(942): App\Controllers\Record->addRecord()
#6 C:\xampp\htdocs\cmc_new\system\CodeIgniter.php(502): CodeIgniter\CodeIgniter->runController(Object(App\Controllers\Record))
#7 C:\xampp\htdocs\cmc_new\system\CodeIgniter.php(361): CodeIgniter\CodeIgniter->handleRequest(NULL, Object(Config\Cache), false)
#8 C:\xampp\htdocs\cmc_new\index.php(79): CodeIgniter\CodeIgniter->run()
#9 {main}
CRITICAL - 2023-12-12 08:04:51 --> Unknown column 'cmc_targetParentId' in 'where clause'
in SYSTEMPATH\Database\BaseConnection.php on line 647.
 1 APPPATH\Models\CustomModel.php(15): CodeIgniter\Database\BaseConnection->query('SELECT * FROM `cmc_target_type`  WHERE `cmc_targetParentId` = \'0\' ORDER BY `cmc_targetTypeName` ASC ')
 2 APPPATH\Controllers\Record.php(33): App\Models\CustomModel->executeQuery('SELECT * FROM `cmc_target_type`  WHERE `cmc_targetParentId` = \'0\' ORDER BY `cmc_targetTypeName` ASC ')
 3 SYSTEMPATH\CodeIgniter.php(942): App\Controllers\Record->addRecord()
 4 SYSTEMPATH\CodeIgniter.php(502): CodeIgniter\CodeIgniter->runController(Object(App\Controllers\Record))
 5 SYSTEMPATH\CodeIgniter.php(361): CodeIgniter\CodeIgniter->handleRequest(null, Object(Config\Cache), false)
 6 FCPATH\index.php(79): CodeIgniter\CodeIgniter->run()
INFO - 2023-12-12 08:04:51 --> Session: Class initialized using 'CodeIgniter\Session\Handlers\FileHandler' driver.
ERROR - 2023-12-12 08:04:51 --> mysqli_sql_exception: Unknown column 'cmc_targetParentId' in 'where clause' in C:\xampp\htdocs\cmc_new\system\Database\MySQLi\Connection.php:306
Stack trace:
#0 C:\xampp\htdocs\cmc_new\system\Database\MySQLi\Connection.php(306): mysqli->query('SELECT * FROM `...', 0)
#1 C:\xampp\htdocs\cmc_new\system\Database\BaseConnection.php(693): CodeIgniter\Database\MySQLi\Connection->execute('SELECT * FROM `...')
#2 C:\xampp\htdocs\cmc_new\system\Database\BaseConnection.php(607): CodeIgniter\Database\BaseConnection->simpleQuery('SELECT * FROM `...')
#3 C:\xampp\htdocs\cmc_new\app\Models\CustomModel.php(15): CodeIgniter\Database\BaseConnection->query('SELECT * FROM `...')
#4 C:\xampp\htdocs\cmc_new\app\Controllers\Record.php(33): App\Models\CustomModel->executeQuery('SELECT * FROM `...')
#5 C:\xampp\htdocs\cmc_new\system\CodeIgniter.php(942): App\Controllers\Record->addRecord()
#6 C:\xampp\htdocs\cmc_new\system\CodeIgniter.php(502): CodeIgniter\CodeIgniter->runController(Object(App\Controllers\Record))
#7 C:\xampp\htdocs\cmc_new\system\CodeIgniter.php(361): CodeIgniter\CodeIgniter->handleRequest(NULL, Object(Config\Cache), false)
#8 C:\xampp\htdocs\cmc_new\index.php(79): CodeIgniter\CodeIgniter->run()
#9 {main}
CRITICAL - 2023-12-12 08:04:51 --> Unknown column 'cmc_targetParentId' in 'where clause'
in SYSTEMPATH\Database\BaseConnection.php on line 647.
 1 APPPATH\Models\CustomModel.php(15): CodeIgniter\Database\BaseConnection->query('SELECT * FROM `cmc_target_type`  WHERE `cmc_targetParentId` = \'0\' ORDER BY `cmc_targetTypeName` ASC ')
 2 APPPATH\Controllers\Record.php(33): App\Models\CustomModel->executeQuery('SELECT * FROM `cmc_target_type`  WHERE `cmc_targetParentId` = \'0\' ORDER BY `cmc_targetTypeName` ASC ')
 3 SYSTEMPATH\CodeIgniter.php(942): App\Controllers\Record->addRecord()
 4 SYSTEMPATH\CodeIgniter.php(502): CodeIgniter\CodeIgniter->runController(Object(App\Controllers\Record))
 5 SYSTEMPATH\CodeIgniter.php(361): CodeIgniter\CodeIgniter->handleRequest(null, Object(Config\Cache), false)
 6 FCPATH\index.php(79): CodeIgniter\CodeIgniter->run()
INFO - 2023-12-12 08:04:51 --> Session: Class initialized using 'CodeIgniter\Session\Handlers\FileHandler' driver.
ERROR - 2023-12-12 08:04:51 --> mysqli_sql_exception: Unknown column 'cmc_targetParentId' in 'where clause' in C:\xampp\htdocs\cmc_new\system\Database\MySQLi\Connection.php:306
Stack trace:
#0 C:\xampp\htdocs\cmc_new\system\Database\MySQLi\Connection.php(306): mysqli->query('SELECT * FROM `...', 0)
#1 C:\xampp\htdocs\cmc_new\system\Database\BaseConnection.php(693): CodeIgniter\Database\MySQLi\Connection->execute('SELECT * FROM `...')
#2 C:\xampp\htdocs\cmc_new\system\Database\BaseConnection.php(607): CodeIgniter\Database\BaseConnection->simpleQuery('SELECT * FROM `...')
#3 C:\xampp\htdocs\cmc_new\app\Models\CustomModel.php(15): CodeIgniter\Database\BaseConnection->query('SELECT * FROM `...')
#4 C:\xampp\htdocs\cmc_new\app\Controllers\Record.php(33): App\Models\CustomModel->executeQuery('SELECT * FROM `...')
#5 C:\xampp\htdocs\cmc_new\system\CodeIgniter.php(942): App\Controllers\Record->addRecord()
#6 C:\xampp\htdocs\cmc_new\system\CodeIgniter.php(502): CodeIgniter\CodeIgniter->runController(Object(App\Controllers\Record))
#7 C:\xampp\htdocs\cmc_new\system\CodeIgniter.php(361): CodeIgniter\CodeIgniter->handleRequest(NULL, Object(Config\Cache), false)
#8 C:\xampp\htdocs\cmc_new\index.php(79): CodeIgniter\CodeIgniter->run()
#9 {main}
CRITICAL - 2023-12-12 08:04:51 --> Unknown column 'cmc_targetParentId' in 'where clause'
in SYSTEMPATH\Database\BaseConnection.php on line 647.
 1 APPPATH\Models\CustomModel.php(15): CodeIgniter\Database\BaseConnection->query('SELECT * FROM `cmc_target_type`  WHERE `cmc_targetParentId` = \'0\' ORDER BY `cmc_targetTypeName` ASC ')
 2 APPPATH\Controllers\Record.php(33): App\Models\CustomModel->executeQuery('SELECT * FROM `cmc_target_type`  WHERE `cmc_targetParentId` = \'0\' ORDER BY `cmc_targetTypeName` ASC ')
 3 SYSTEMPATH\CodeIgniter.php(942): App\Controllers\Record->addRecord()
 4 SYSTEMPATH\CodeIgniter.php(502): CodeIgniter\CodeIgniter->runController(Object(App\Controllers\Record))
 5 SYSTEMPATH\CodeIgniter.php(361): CodeIgniter\CodeIgniter->handleRequest(null, Object(Config\Cache), false)
 6 FCPATH\index.php(79): CodeIgniter\CodeIgniter->run()
INFO - 2023-12-12 08:04:51 --> Session: Class initialized using 'CodeIgniter\Session\Handlers\FileHandler' driver.
ERROR - 2023-12-12 08:04:51 --> mysqli_sql_exception: Unknown column 'cmc_targetParentId' in 'where clause' in C:\xampp\htdocs\cmc_new\system\Database\MySQLi\Connection.php:306
Stack trace:
#0 C:\xampp\htdocs\cmc_new\system\Database\MySQLi\Connection.php(306): mysqli->query('SELECT * FROM `...', 0)
#1 C:\xampp\htdocs\cmc_new\system\Database\BaseConnection.php(693): CodeIgniter\Database\MySQLi\Connection->execute('SELECT * FROM `...')
#2 C:\xampp\htdocs\cmc_new\system\Database\BaseConnection.php(607): CodeIgniter\Database\BaseConnection->simpleQuery('SELECT * FROM `...')
#3 C:\xampp\htdocs\cmc_new\app\Models\CustomModel.php(15): CodeIgniter\Database\BaseConnection->query('SELECT * FROM `...')
#4 C:\xampp\htdocs\cmc_new\app\Controllers\Record.php(33): App\Models\CustomModel->executeQuery('SELECT * FROM `...')
#5 C:\xampp\htdocs\cmc_new\system\CodeIgniter.php(942): App\Controllers\Record->addRecord()
#6 C:\xampp\htdocs\cmc_new\system\CodeIgniter.php(502): CodeIgniter\CodeIgniter->runController(Object(App\Controllers\Record))
#7 C:\xampp\htdocs\cmc_new\system\CodeIgniter.php(361): CodeIgniter\CodeIgniter->handleRequest(NULL, Object(Config\Cache), false)
#8 C:\xampp\htdocs\cmc_new\index.php(79): CodeIgniter\CodeIgniter->run()
#9 {main}
CRITICAL - 2023-12-12 08:04:51 --> Unknown column 'cmc_targetParentId' in 'where clause'
in SYSTEMPATH\Database\BaseConnection.php on line 647.
 1 APPPATH\Models\CustomModel.php(15): CodeIgniter\Database\BaseConnection->query('SELECT * FROM `cmc_target_type`  WHERE `cmc_targetParentId` = \'0\' ORDER BY `cmc_targetTypeName` ASC ')
 2 APPPATH\Controllers\Record.php(33): App\Models\CustomModel->executeQuery('SELECT * FROM `cmc_target_type`  WHERE `cmc_targetParentId` = \'0\' ORDER BY `cmc_targetTypeName` ASC ')
 3 SYSTEMPATH\CodeIgniter.php(942): App\Controllers\Record->addRecord()
 4 SYSTEMPATH\CodeIgniter.php(502): CodeIgniter\CodeIgniter->runController(Object(App\Controllers\Record))
 5 SYSTEMPATH\CodeIgniter.php(361): CodeIgniter\CodeIgniter->handleRequest(null, Object(Config\Cache), false)
 6 FCPATH\index.php(79): CodeIgniter\CodeIgniter->run()
INFO - 2023-12-12 08:05:11 --> Session: Class initialized using 'CodeIgniter\Session\Handlers\FileHandler' driver.
INFO - 2023-12-12 08:06:52 --> Session: Class initialized using 'CodeIgniter\Session\Handlers\FileHandler' driver.
INFO - 2023-12-12 08:56:37 --> Session: Class initialized using 'CodeIgniter\Session\Handlers\FileHandler' driver.
INFO - 2023-12-12 08:56:40 --> Session: Class initialized using 'CodeIgniter\Session\Handlers\FileHandler' driver.
INFO - 2023-12-12 08:56:42 --> Session: Class initialized using 'CodeIgniter\Session\Handlers\FileHandler' driver.
INFO - 2023-12-12 08:56:44 --> Session: Class initialized using 'CodeIgniter\Session\Handlers\FileHandler' driver.
INFO - 2023-12-12 08:56:47 --> Session: Class initialized using 'CodeIgniter\Session\Handlers\FileHandler' driver.
INFO - 2023-12-12 08:56:50 --> Session: Class initialized using 'CodeIgniter\Session\Handlers\FileHandler' driver.
INFO - 2023-12-12 08:56:58 --> Session: Class initialized using 'CodeIgniter\Session\Handlers\FileHandler' driver.
INFO - 2023-12-12 08:57:06 --> Session: Class initialized using 'CodeIgniter\Session\Handlers\FileHandler' driver.
INFO - 2023-12-12 08:57:47 --> Session: Class initialized using 'CodeIgniter\Session\Handlers\FileHandler' driver.
INFO - 2023-12-12 08:58:51 --> Session: Class initialized using 'CodeIgniter\Session\Handlers\FileHandler' driver.
INFO - 2023-12-12 08:59:01 --> Session: Class initialized using 'CodeIgniter\Session\Handlers\FileHandler' driver.
INFO - 2023-12-12 08:59:33 --> Session: Class initialized using 'CodeIgniter\Session\Handlers\FileHandler' driver.
INFO - 2023-12-12 08:59:37 --> Session: Class initialized using 'CodeIgniter\Session\Handlers\FileHandler' driver.
INFO - 2023-12-12 08:59:41 --> Session: Class initialized using 'CodeIgniter\Session\Handlers\FileHandler' driver.
INFO - 2023-12-12 08:59:43 --> Session: Class initialized using 'CodeIgniter\Session\Handlers\FileHandler' driver.
INFO - 2023-12-12 09:03:06 --> Session: Class initialized using 'CodeIgniter\Session\Handlers\FileHandler' driver.
INFO - 2023-12-12 09:03:13 --> Session: Class initialized using 'CodeIgniter\Session\Handlers\FileHandler' driver.
INFO - 2023-12-12 09:03:15 --> Session: Class initialized using 'CodeIgniter\Session\Handlers\FileHandler' driver.
INFO - 2023-12-12 09:03:17 --> Session: Class initialized using 'CodeIgniter\Session\Handlers\FileHandler' driver.
INFO - 2023-12-12 09:03:17 --> Session: Class initialized using 'CodeIgniter\Session\Handlers\FileHandler' driver.
INFO - 2023-12-12 09:05:55 --> Session: Class initialized using 'CodeIgniter\Session\Handlers\FileHandler' driver.
INFO - 2023-12-12 09:06:34 --> Session: Class initialized using 'CodeIgniter\Session\Handlers\FileHandler' driver.
INFO - 2023-12-12 09:06:58 --> Session: Class initialized using 'CodeIgniter\Session\Handlers\FileHandler' driver.
INFO - 2023-12-12 09:07:16 --> Session: Class initialized using 'CodeIgniter\Session\Handlers\FileHandler' driver.
INFO - 2023-12-12 09:07:18 --> Session: Class initialized using 'CodeIgniter\Session\Handlers\FileHandler' driver.
INFO - 2023-12-12 09:08:05 --> Session: Class initialized using 'CodeIgniter\Session\Handlers\FileHandler' driver.
INFO - 2023-12-12 09:08:30 --> Session: Class initialized using 'CodeIgniter\Session\Handlers\FileHandler' driver.
INFO - 2023-12-12 09:09:52 --> Session: Class initialized using 'CodeIgniter\Session\Handlers\FileHandler' driver.
INFO - 2023-12-12 09:10:29 --> Session: Class initialized using 'CodeIgniter\Session\Handlers\FileHandler' driver.
INFO - 2023-12-12 09:14:33 --> Session: Class initialized using 'CodeIgniter\Session\Handlers\FileHandler' driver.
INFO - 2023-12-12 09:15:49 --> Session: Class initialized using 'CodeIgniter\Session\Handlers\FileHandler' driver.
INFO - 2023-12-12 09:18:56 --> Session: Class initialized using 'CodeIgniter\Session\Handlers\FileHandler' driver.
INFO - 2023-12-12 09:25:14 --> Session: Class initialized using 'CodeIgniter\Session\Handlers\FileHandler' driver.
INFO - 2023-12-12 09:29:10 --> Session: Class initialized using 'CodeIgniter\Session\Handlers\FileHandler' driver.
INFO - 2023-12-12 09:30:43 --> Session: Class initialized using 'CodeIgniter\Session\Handlers\FileHandler' driver.
INFO - 2023-12-12 09:33:13 --> Session: Class initialized using 'CodeIgniter\Session\Handlers\FileHandler' driver.
INFO - 2023-12-12 09:37:28 --> Session: Class initialized using 'CodeIgniter\Session\Handlers\FileHandler' driver.
INFO - 2023-12-12 09:39:59 --> Session: Class initialized using 'CodeIgniter\Session\Handlers\FileHandler' driver.
INFO - 2023-12-12 09:40:50 --> Session: Class initialized using 'CodeIgniter\Session\Handlers\FileHandler' driver.
INFO - 2023-12-12 09:40:55 --> Session: Class initialized using 'CodeIgniter\Session\Handlers\FileHandler' driver.
INFO - 2023-12-12 09:46:08 --> Session: Class initialized using 'CodeIgniter\Session\Handlers\FileHandler' driver.
INFO - 2023-12-12 09:52:01 --> Session: Class initialized using 'CodeIgniter\Session\Handlers\FileHandler' driver.
INFO - 2023-12-12 09:54:02 --> Session: Class initialized using 'CodeIgniter\Session\Handlers\FileHandler' driver.
INFO - 2023-12-12 10:03:53 --> Session: Class initialized using 'CodeIgniter\Session\Handlers\FileHandler' driver.
INFO - 2023-12-12 10:08:34 --> Session: Class initialized using 'CodeIgniter\Session\Handlers\FileHandler' driver.
INFO - 2023-12-12 10:10:49 --> Session: Class initialized using 'CodeIgniter\Session\Handlers\FileHandler' driver.
INFO - 2023-12-12 10:11:17 --> Session: Class initialized using 'CodeIgniter\Session\Handlers\FileHandler' driver.
INFO - 2023-12-12 10:14:52 --> Session: Class initialized using 'CodeIgniter\Session\Handlers\FileHandler' driver.
INFO - 2023-12-12 10:17:44 --> Session: Class initialized using 'CodeIgniter\Session\Handlers\FileHandler' driver.
INFO - 2023-12-12 10:18:54 --> Session: Class initialized using 'CodeIgniter\Session\Handlers\FileHandler' driver.
INFO - 2023-12-12 10:19:00 --> Session: Class initialized using 'CodeIgniter\Session\Handlers\FileHandler' driver.
INFO - 2023-12-12 10:19:27 --> Session: Class initialized using 'CodeIgniter\Session\Handlers\FileHandler' driver.
INFO - 2023-12-12 10:19:27 --> Session: Class initialized using 'CodeIgniter\Session\Handlers\FileHandler' driver.
INFO - 2023-12-12 10:19:32 --> Session: Class initialized using 'CodeIgniter\Session\Handlers\FileHandler' driver.
INFO - 2023-12-12 10:19:32 --> Session: Class initialized using 'CodeIgniter\Session\Handlers\FileHandler' driver.
INFO - 2023-12-12 10:19:45 --> Session: Class initialized using 'CodeIgniter\Session\Handlers\FileHandler' driver.
INFO - 2023-12-12 10:20:30 --> Session: Class initialized using 'CodeIgniter\Session\Handlers\FileHandler' driver.
INFO - 2023-12-12 10:20:30 --> Session: Class initialized using 'CodeIgniter\Session\Handlers\FileHandler' driver.
INFO - 2023-12-12 10:20:53 --> Session: Class initialized using 'CodeIgniter\Session\Handlers\FileHandler' driver.
CRITICAL - 2023-12-12 10:20:53 --> Undefined variable $leaModel
in APPPATH\Controllers\Record.php on line 115.
 1 APPPATH\Controllers\Record.php(115): CodeIgniter\Debug\Exceptions->errorHandler(2, 'Undefined variable $leaModel', 'C:\\xampp\\htdocs\\cmc_new\\app\\Controllers\\Record.php', 115)
 2 SYSTEMPATH\CodeIgniter.php(942): App\Controllers\Record->recordSave()
 3 SYSTEMPATH\CodeIgniter.php(502): CodeIgniter\CodeIgniter->runController(Object(App\Controllers\Record))
 4 SYSTEMPATH\CodeIgniter.php(361): CodeIgniter\CodeIgniter->handleRequest(null, Object(Config\Cache), false)
 5 FCPATH\index.php(79): CodeIgniter\CodeIgniter->run()
INFO - 2023-12-12 10:22:25 --> Session: Class initialized using 'CodeIgniter\Session\Handlers\FileHandler' driver.
CRITICAL - 2023-12-12 10:22:25 --> Class "App\Controllers\PsModel" not found
in APPPATH\Controllers\Record.php on line 54.
 1 SYSTEMPATH\CodeIgniter.php(942): App\Controllers\Record->recordSave()
 2 SYSTEMPATH\CodeIgniter.php(502): CodeIgniter\CodeIgniter->runController(Object(App\Controllers\Record))
 3 SYSTEMPATH\CodeIgniter.php(361): CodeIgniter\CodeIgniter->handleRequest(null, Object(Config\Cache), false)
 4 FCPATH\index.php(79): CodeIgniter\CodeIgniter->run()
INFO - 2023-12-12 10:22:58 --> Session: Class initialized using 'CodeIgniter\Session\Handlers\FileHandler' driver.
CRITICAL - 2023-12-12 10:22:59 --> Trying to access array offset on value of type null
in APPPATH\Controllers\Record.php on line 118.
 1 APPPATH\Controllers\Record.php(118): CodeIgniter\Debug\Exceptions->errorHandler(2, 'Trying to access array offset on value of type null', 'C:\\xampp\\htdocs\\cmc_new\\app\\Controllers\\Record.php', 118)
 2 SYSTEMPATH\CodeIgniter.php(942): App\Controllers\Record->recordSave()
 3 SYSTEMPATH\CodeIgniter.php(502): CodeIgniter\CodeIgniter->runController(Object(App\Controllers\Record))
 4 SYSTEMPATH\CodeIgniter.php(361): CodeIgniter\CodeIgniter->handleRequest(null, Object(Config\Cache), false)
 5 FCPATH\index.php(79): CodeIgniter\CodeIgniter->run()
INFO - 2023-12-12 10:24:01 --> Session: Class initialized using 'CodeIgniter\Session\Handlers\FileHandler' driver.
INFO - 2023-12-12 10:24:02 --> Session: Class initialized using 'CodeIgniter\Session\Handlers\FileHandler' driver.
INFO - 2023-12-12 10:27:13 --> Session: Class initialized using 'CodeIgniter\Session\Handlers\FileHandler' driver.
INFO - 2023-12-12 10:27:19 --> Session: Class initialized using 'CodeIgniter\Session\Handlers\FileHandler' driver.
INFO - 2023-12-12 10:28:15 --> Session: Class initialized using 'CodeIgniter\Session\Handlers\FileHandler' driver.
INFO - 2023-12-12 11:30:52 --> Session: Class initialized using 'CodeIgniter\Session\Handlers\FileHandler' driver.
INFO - 2023-12-12 11:31:16 --> Session: Class initialized using 'CodeIgniter\Session\Handlers\FileHandler' driver.
INFO - 2023-12-12 11:32:08 --> Session: Class initialized using 'CodeIgniter\Session\Handlers\FileHandler' driver.
INFO - 2023-12-12 11:32:52 --> Session: Class initialized using 'CodeIgniter\Session\Handlers\FileHandler' driver.
INFO - 2023-12-12 11:34:06 --> Session: Class initialized using 'CodeIgniter\Session\Handlers\FileHandler' driver.
INFO - 2023-12-12 11:35:33 --> Session: Class initialized using 'CodeIgniter\Session\Handlers\FileHandler' driver.
INFO - 2023-12-12 11:36:01 --> Session: Class initialized using 'CodeIgniter\Session\Handlers\FileHandler' driver.
INFO - 2023-12-12 11:37:40 --> Session: Class initialized using 'CodeIgniter\Session\Handlers\FileHandler' driver.
INFO - 2023-12-12 11:39:12 --> Session: Class initialized using 'CodeIgniter\Session\Handlers\FileHandler' driver.
